AE
AEON
AES
AINT
AION
AIT
AN
ANES
ANI
ANIS
ANT
ANTE
ANTI
AS
ASE
ASIENTO
AST
AT
ATE
ATES
ATIS
EA
EAN
EAST
EAT
EATS
EN
ENS
ENTIA
EOAN
EON
EOSIN
ES
ETA
ETNA
IAO
IE
IN
INSEA
INTO
IO
ION
IOTA
IS
ISO
IST
IT
ITS
NA
NAE
NAIO
NAIS
NAOS
NASI
NAST
NAT
NE
NEA
NEAT
NEI
NEIST
NEO
NEST
NET
NETI
NI
NIT
NITO
NO
NOA
NOSE
NOT
NOTE
OAST
OAT
OATEN
OE
OES
OINT
ON
ONA
ONE
ONS
ONSET
OS
OSE
OSTEIN
SA
SAI
SAIN
SAINT
SAN
SANE
SANT
SAO
SAT
SATE
SATINE
SE
SEA
SEAT
SEIT
SEN
SENT
SET
SETA
SETON
SI
SIE
SIN
SINA
SINE
SION
SIT
SITAO
SITE
SNOT
SO
SOE
SON
SOT
SOTNIA
ST
STEN
STENO
STOA
TA
TAE
TAEN
TAI
TAIN
TAN
TANE
TAO
TE
TEA
TEAN
TEN
TI
TIAO
TIE
TIEN
TIN
TINE
TINOSA
TO
TOA
TOE
TOI
TON
TONE
TSIA
