AA
AAL
AAM
ABA
ABAC
ABAS
ABB
ABED
ABET
ABEY
ABHOR
ABIR
ABLE
ABLY
ABORD
ABOX
ABRIN
ABU
ABUT
ABY
ACARA
ACCA
ACE
ACH
ACHE
ACHOR
ACHY
ACID
ACLE
ACME
ACNE
ACOR
ACORN
ACRE
ACT
ACTA
ACTU
ACYL
AD
ADAD
ADAT
ADAW
ADAY
ADD
ADDA
ADE
ADET
ADIT
ADMI
ADO
ADORN
ADRY
ADY
ADZ
ADZE
AE
AEON
AER
AERIE
AERO
AERY
AES
AFAR
AFARA
AFFA
AFFY
AFT
AFTER
AGA
AGAL
AGAR
AGE
AGED
AGEE
AGEN
AGER
AGGER
AGGRY
AGGUR
AGHA
AGIO
AGLA
AGO
AGOG
AGON
AGRAL
AGRE
AGRIA
AGUA
AGUE
AGY
AH
AHA
AHEM
AHEY
AHO
AHOY
AHU
AHUM
AHURA
AID
AIDE
AIEL
AIL
AILE
AIM
AINT
AION
AIR
AIRE
AIRT
AIRY
AIT
AJAR
AJARI
AJOG
AK
AKA
AKE
AKEE
AKEY
AKIA
AKIN
AKO
AKOV
AKRA
AKU
AL
ALA
ALAN
ALAR
ALARM
ALAS
ALB
ALBA
ALBE
ALCO
ALDER
ALE
ALEC
ALEE
ALEF
ALEM
ALEN
ALF
ALFA
ALGA
ALGOR
ALIF
ALIN
ALIT
ALK
ALKY
ALL
ALLER
ALLY
ALMA
ALME
ALMS
ALN
ALO
ALOD
ALOE
ALOP
ALOW
ALP
ALSO
ALT
ALTAR
ALTO
ALUM
ALURE
ALY
AM
AMA
AMAH
AMAR
AMBA
AMBER
AMBO
AME
AMEN
AMI
AMIC
AMID
AMIL
AMIN
AMIR
AMLA
AMLI
AMMA
AMMER
AMMO
AMMU
AMOK
AMOR
AMORT
AMRA
AMT
AMY
AMYL
AN
ANA
ANAL
ANAM
ANAN
ANAY
ANBA
AND
ANDA
ANEAR
ANES
ANEW
ANGO
ANI
ANIL
ANIS
ANKH
ANN
ANNA
ANOA
ANON
ANSA
ANSU
ANT
ANTA
ANTE
ANTI
ANTU
ANURY
ANUS
ANY
AORTA
APA
APAR
APE
APER
APERY
APEX
APII
APIO
APOD
APSE
APT
AQUA
AQUO
ARA
ARABA
ARAD
ARADO
ARAKE
ARAR
ARARA
ARBA
ARC
ARCA
ARCH
ARDU
ARE
AREA
AREAR
ARED
ARGAL
ARGIL
ARGO
ARGON
ARGOT
ARGUE
ARHAT
ARIA
ARID
ARIL
ARK
ARM
ARMED
ARMS
ARMY
ARN
ARNA
ARNI
AROON
AROW
ARRAH
ARRAU
ARRAY
ARRIE
ARROW
ARSE
ART
ARTAL
ARTEL
ARTHA
ARTY
ARU
ARUI
ARUKE
ARUPA
ARX
ARY
ARYL
ARZUN
AS
ASAK
ASCI
ASE
ASEM
ASH
ASHY
ASK
ASKAR
ASOK
ASOP
ASOR
ASP
ASS
ASSE
ASSI
AST
ASTA
AT
ATAP
ATE
ATEF
ATES
ATHAR
ATIP
ATIS
ATLE
ATMA
ATMO
ATOM
ATOP
ATRY
ATTA
ATWO
AUBE
AUCA
AUGE
AUGH
AUH
AUK
AULA
AULD
AULU
AUM
AUNE
AUNT
AURA
AURAE
AURAR
AURIC
AUSU
AUTE
AUTO
AVA
AVAL
AVE
AVER
AVID
AVO
AVOW
AW
AWA
AWAG
AWAT
AWAY
AWD
AWE
AWEE
AWFU
AWIN
AWL
AWN
AWNER
AWNY
AWRY
AX
AXAL
AXE
AXED
AXES
AXIL
AXIS
AXLE
AXON
AY
AYAH
AYE
AYIN
AYU
AZO
AZON
AZOX
BA
BAA
BAAL
BAAR
BABA
BABE
BABU
BABY
BAC
BACH
BACK
BAD
BADE
BAE
BAFF
BAFT
BAG
BAGA
BAGO
BAH
BAHAR
BAHO
BAHT
BAIL
BAIN
BAIRN
BAIT
BAKA
BAKE
BAKU
BAL
BALD
BALE
BALI
BALK
BALL
BALM
BALU
BAM
BAN
BANC
BAND
BANE
BANG
BANI
BANK
BANT
BAP
BAR
BARA
BARB
BARD
BARE
BARER
BARFF
BARGE
BARI
BARIA
BARK
BARM
BARN
BARNY
BAROI
BARON
BARRA
BARRY
BARU
BARYE
BAS
BASE
BASH
BASK
BASS
BAST
BAT
BATE
BATH
BATS
BATT
BATZ
BAUD
BAUL
BAUN
BAW
BAWD
BAWL
BAWN
BAY
BAYA
BAZE
BE
BEAD
BEAK
BEAL
BEAM
BEAN
BEAR
BEARD
BEAT
BEAU
BEBAR
BED
BEE
BEER
BEG
BEGAR
BEL
BELA
BELAR
BEMA
BEN
BENA
BER
BERE
BERG
BERM
BES
BESA
BET
BETA
BEY
BHAT
BIAS
BIB
BID
BIER
BIG
BIGA
BIJA
BIN
BIRD
BIRI
BIRK
BIRL
BIRN
BIRR
BIS
BIT
BIWA
BIZ
BLAB
BLAD
BLAE
BLAH
BLAN
BLARE
BLART
BLAS
BLAT
BLAW
BLAY
BLEAR
BLO
BLUR
BO
BOA
BOAR
BOAT
BOB
BOBA
BOD
BOG
BOGA
BOLA
BOM
BOMA
BON
BOO
BOOR
BOP
BOR
BORA
BORAX
BORD
BORE
BORG
BORH
BORN
BORO
BORT
BOT
BOTA
BOW
BOY
BOYAR
BOZA
BRA
BRAB
BRACA
BRACE
BRACH
BRACT
BRAD
BRAE
BRAG
BRAID
BRAIN
BRAN
BRAND
BRANK
BRANT
BRASS
BRAT
BRAVE
BRAVO
BRAW
BRAY
BREAK
BREAM
BREBA
BRED
BREE
BREI
BRET
BREW
BREY
BRIAR
BRIG
BRIM
BRIN
BRIT
BROB
BROD
BROG
BROMA
BROO
BROT
BROW
BRUT
BU
BUAL
BUB
BUBA
BUD
BUDA
BUG
BUHR
BUM
BUN
BUNA
BUR
BURAO
BURD
BURE
BURG
BURI
BURL
BURN
BURO
BURP
BURR
BURT
BURY
BUS
BUT
BUY
BY
BYE
BYRE
CA
CAAM
CAB
CABA
CABER
CACK
CAD
CADE
CADI
CADRE
CAFH
CAG
CAGE
CAGER
CAID
CAIN
CAKE
CAKY
CAL
CALF
CALK
CALL
CALM
CALP
CALX
CAM
CAMB
CAME
CAMP
CAN
CAND
CANE
CANK
CANT
CANY
CAP
CAPE
CAPH
CAR
CARBO
CARD
CARE
CARET
CARGA
CARID
CARK
CARL
CAROB
CAROL
CARP
CARR
CART
CARTE
CARUA
CARYL
CASE
CASH
CASK
CASS
CAST
CAT
CATE
CAUK
CAUL
CAUM
CAUP
CAVA
CAVE
CAVY
CAW
CAWK
CAY
CAZA
CE
CEE
CEP
CEPA
CERAL
CERE
CERIA
CERN
CERO
CHA
CHAA
CHAB
CHAD
CHAI
CHAL
CHAM
CHAO
CHAP
CHAR
CHARD
CHARK
CHARM
CHAT
CHAW
CHAY
CHE
CHI
CHIA
CHO
CIG
CIT
CLAD
CLAG
CLAM
CLAN
CLAP
CLAT
CLAW
CLAY
CLY
COAK
COAL
COAT
COAX
COB
COBRA
COCA
COD
CODA
COE
COG
COIR
COL
COLA
COMA
CON
COO
COP
COPA
COPR
COR
CORA
CORAH
CORD
CORE
CORF
CORK
CORM
CORN
CORP
CORTA
COS
COT
COW
COX
COXA
COY
COZ
CRAB
CRAG
CRAKE
CRAM
CRAMP
CRAN
CRANE
CRAP
CRAPE
CRAPY
CRARE
CRASS
CRATE
CRAVE
CRAW
CRAZE
CRAZY
CREA
CREAM
CREE
CRENA
CREW
CRIB
CRIC
CRIG
CRIN
CRO
CROAK
CROC
CROP
CROW
CROY
CRUM
CRUS
CRUX
CRY
CUB
CUD
CUE
CUIR
CUM
CUP
CUR
CURB
CURD
CURE
CURL
CURN
CURR
CURT
CURUA
CUT
CUYA
CWM
CYAN
CYMA
CYMAR
CYP
CZAR
DA
DAB
DABB
DACE
DAD
DADA
DADE
DADO
DAE
DAER
DAFF
DAFT
DAG
DAGS
DAH
DAIN
DAIS
DAK
DAL
DALE
DALER
DALI
DALK
DALT
DAM
DAMA
DAME
DAMN
DAMP
DAN
DAND
DANG
DANK
DAO
DAP
DAR
DARE
DARER
DARG
DARI
DARK
DARKY
DARN
DARR
DARST
DART
DAS
DASH
DASI
DATA
DATE
DATER
DAUB
DAUD
DAUT
DAUW
DAVY
DAW
DAWN
DAY
DAYS
DAZE
DAZY
DE
DEAD
DEAF
DEAIR
DEAL
DEAN
DEAR
DEB
DEBAR
DEE
DEER
DEG
DEN
DEPA
DERAH
DERE
DERM
DERN
DEV
DEVA
DEW
DEY
DHA
DHAI
DHAK
DHAN
DHAW
DHU
DI
DIAL
DIAN
DIB
DID
DIE
DIER
DIG
DIKA
DIM
DIN
DIP
DIRD
DIRE
DIRK
DIRL
DIRT
DIS
DIT
DITA
DIV
DIVA
DO
DOAB
DOAT
DOB
DOC
DOD
DOE
DOER
DOG
DOLA
DOM
DON
DOOR
DOP
DOPA
DOR
DORAD
DORM
DORN
DORP
DORY
DOS
DOSA
DOT
DOUAR
DOUR
DOW
DOXA
DRAB
DRAFT
DRAG
DRAM
DRAMM
DRANG
DRANT
DRAPE
DRAT
DRAW
DRAWL
DRAY
DREAM
DREE
DREG
DREW
DRIB
DRIP
DRONA
DROP
DROW
DRUB
DRUG
DRUM
DRY
DUAD
DUAL
DUB
DUD
DUE
DUER
DUG
DUM
DUMA
DUN
DUO
DUP
DURA
DURE
DURN
DURO
DUX
DWARF
DYAD
DYE
DYER
EA
EACH
EAGER
EAN
EAR
EARL
EARN
EASE
EASER
EAST
EASY
EAT
EATS
EAVE
EBB
ECAD
ECRU
EDEA
EDH
EEL
EER
EFT
EGAD
EGG
EGMA
EGO
EH
EKE
EKER
EKKA
EL
ELB
ELD
ELF
ELK
ELL
ELM
ELS
ELT
EM
EME
EMIR
EMMA
EMU
EN
ENAM
END
ENS
EOAN
EON
EPHA
ER
ERA
ERADE
ERAL
ERD
ERE
ERG
ERGAL
ERIA
ERIC
ERIKA
ERNE
EROS
ERR
ERS
ERTH
ERUC
ERUCA
ES
ESCA
ESS
ETA
ETNA
ETUA
EU
EVE
EVER
EWE
EWER
EWRY
EX
EXAM
EY
EYAH
EYAS
EYE
EYER
EYN
EYRA
EYRE
EZBA
FACE
FACER
FACK
FACT
FACY
FAD
FADE
FADY
FAE
FAFF
FAG
FAGE
FAGER
FAIL
FAIN
FAIR
FAIRY
FAKE
FAKY
FALL
FALX
FAM
FAME
FAN
FANA
FAND
FANG
FANT
FAON
FAR
FARAD
FARCE
FARDH
FARE
FARER
FARL
FARM
FARO
FARSE
FASH
FASS
FAST
FAT
FATE
FAUN
FAVN
FAVOR
FAWN
FAY
FAZE
FE
FEAK
FEAL
FEAR
FEAT
FED
FEE
FEER
FEI
FEN
FERAL
FERK
FERN
FERU
FET
FEU
FEW
FEY
FEZ
FIAT
FIB
FID
FIE
FIG
FIN
FIP
FIR
FIRE
FIRK
FIRM
FIRN
FIT
FIX
FLAG
FLAIR
FLAK
FLAM
FLAN
FLAP
FLARE
FLAT
FLAW
FLAX
FLAY
FLEA
FLORA
FLU
FLY
FOAL
FOAM
FOB
FOD
FOE
FOG
FOO
FOP
FOR
FORA
FORB
FORD
FORE
FORK
FORM
FORT
FOT
FOU
FOUR
FOW
FOX
FOY
FRAB
FRAE
FRANK
FRAP
FRAT
FRAUD
FRAWN
FRAY
FRAYN
FRAZE
FREAK
FREE
FRET
FRIB
FRIG
FRIM
FRIT
FRIZ
FRO
FROE
FROG
FROM
FROT
FROW
FRY
FU
FUB
FUD
FUM
FUN
FUR
FURAL
FURL
FURY
FUT
FYRD
GA
GAB
GABI
GABY
GAD
GADE
GAEN
GAET
GAFF
GAG
GAGE
GAGER
GAIN
GAIR
GAIT
GAJ
GAL
GALA
GALE
GALI
GALL
GALP
GALT
GAM
GAMB
GAME
GAMP
GAMY
GAN
GANE
GANG
GANT
GAOL
GAP
GAPA
GAPE
GAPO
GAPY
GAR
GARA
GARAD
GARB
GARDY
GARE
GARN
GAROO
GARTH
GAS
GASH
GASP
GAST
GAT
GATA
GATE
GATER
GAU
GAUB
GAUD
GAUM
GAUN
GAUP
GAUR
GAUS
GAUT
GAVE
GAW
GAWK
GAWM
GAWN
GAY
GAZ
GAZE
GAZI
GAZY
GE
GEAL
GEAN
GEAR
GEAT
GED
GEE
GEIRA
GEL
GEM
GEN
GENA
GEO
GER
GERAH
GERB
GERM
GERS
GET
GETA
GEY
GEZ
GHAT
GIB
GID
GIE
GIF
GIG
GIM
GIN
GIO
GIP
GIRBA
GIRD
GIRL
GIRN
GIRO
GIRR
GIRT
GIT
GLAD
GLAIR
GLAM
GLAR
GLARE
GLARY
GLIA
GLOR
GNAR
GNAT
GNAW
GNU
GO
GOA
GOAD
GOAF
GOAL
GOAT
GOB
GOD
GOER
GOG
GOI
GOL
GOLA
GON
GOO
GOR
GORA
GORAL
GORB
GORE
GORY
GOS
GOT
GOY
GRA
GRAB
GRACE
GRAD
GRAIL
GRAIN
GRAM
GRAMA
GRAND
GRANE
GRANO
GRAPY
GRAT
GRAY
GRAZE
GREE
GREW
GREY
GRID
GRIG
GRIM
GRIN
GRIP
GRIS
GRIT
GROAN
GROAT
GROG
GROS
GROT
GROW
GRR
GRUB
GRUE
GRUM
GRUN
GUAN
GUAO
GUAR
GUD
GUE
GUFA
GUHR
GUL
GULA
GUM
GUN
GUNA
GUP
GUR
GURK
GURL
GURR
GURT
GURU
GUT
GUY
GUZ
GWAG
GYM
GYN
GYP
GYRAL
GYRE
GYRI
GYRO
HA
HAAB
HAAF
HABU
HACK
HAD
HADE
HADJ
HAEC
HAEM
HAET
HAFF
HAFT
HAG
HAGI
HAH
HAIK
HAIL
HAIN
HAIR
HAIRE
HAJE
HAK
HAKE
HAKO
HAKU
HALA
HALE
HALF
HALL
HALO
HALS
HALT
HAM
HAME
HAMI
HAN
HAND
HANK
HANT
HAO
HAORI
HAP
HAPU
HARBI
HARD
HARDY
HARE
HARK
HARL
HARM
HARN
HARP
HARR
HARRY
HART
HASH
HASK
HASP
HAT
HATE
HATH
HATT
HAU
HAUL
HAVE
HAVER
HAW
HAWER
HAWK
HAWM
HAY
HAYA
HAYZ
HAZE
HAZY
HE
HEAD
HEAF
HEAL
HEAP
HEAR
HEART
HEAT
HEER
HEI
HEIR
HEM
HEN
HEP
HEPAR
HER
HERB
HERD
HERE
HERL
HERMA
HERN
HERO
HERS
HET
HEW
HEX
HEXA
HEY
HI
HIA
HIC
HIE
HIM
HIN
HIP
HIRE
HIRO
HIS
HIT
HO
HOAR
HOARD
HOARY
HOAX
HOB
HOD
HOE
HOER
HOG
HOGA
HOI
HOP
HORA
HORN
HORY
HOT
HOUR
HOW
HOX
HOY
HUB
HUD
HUE
HUER
HUG
HUH
HUIA
HULA
HUM
HUP
HURA
HURE
HURL
HURR
HURT
HUT
HYP
IAMB
IAO
IBA
ICE
ICH
ICY
ID
IDE
IDEA
IE
IF
IFE
IHI
IJMA
IKAT
IKRA
ILIA
ILK
ILKA
ILL
IMAM
IMI
IMP
IMU
IN
INARM
INFRA
ING
INK
INN
INRO
IO
ION
IOTA
IRE
IRIAN
IRID
IRIS
IRK
IROK
IRON
IS
ISBA
ISM
ISO
IST
IT
ITER
ITS
IVA
IVY
IWA
IYO
IZAR
JAB
JACK
JACU
JADE
JADY
JAG
JAGIR
JAIL
JAKE
JAKO
JAM
JAMA
JAMB
JAMI
JANE
JANK
JANN
JAOB
JAP
JAPE
JAR
JARA
JARG
JARL
JARRY
JASS
JATI
JATO
JAUK
JAUN
JAUP
JAVER
JAW
JAWY
JAY
JAZZ
JEAN
JED
JEER
JERK
JERL
JERM
JERT
JET
JIB
JIG
JINA
JIVA
JO
JOB
JOE
JOG
JOT
JOTA
JOW
JOWAR
JOY
JUBA
JUD
JUG
JURAL
JURE
JURY
JUT
KA
KAGO
KAGU
KAHA
KAHU
KAI
KAID
KAIK
KAIL
KAKA
KAKAR
KAKI
KALA
KALE
KALI
KALO
KAME
KAN
KANA
KANG
KANS
KAPA
KAPP
KARCH
KARMA
KARO
KARRI
KASA
KASM
KAT
KATAR
KATH
KAURI
KAVA
KAY
KAYO
KAZI
KEA
KEB
KED
KEF
KEG
KEN
KEP
KERF
KERN
KET
KETA
KEX
KEY
KHAN
KHAR
KHAT
KHIR
KHU
KIER
KIL
KIM
KIN
KINA
KIP
KIRI
KIRK
KIRN
KIT
KIVA
KLAM
KNAB
KNAG
KNAP
KNAR
KNUR
KO
KOA
KOAE
KOB
KODA
KOI
KOKRA
KOLA
KON
KONA
KOP
KOR
KORA
KORE
KORI
KOS
KOU
KRA
KRAAL
KRAFT
KRAL
KRAN
KRAS
KRINA
KUAN
KUBA
KULA
KUSA
KWAN
KYAH
KYAR
KYAT
KYL
LA
LAB
LABOR
LABRA
LAC
LACE
LACER
LACK
LACY
LAD
LADE
LADY
LAET
LAG
LAI
LAIC
LAID
LAIN
LAIR
LAIRY
LAK
LAKE
LAKY
LALL
LALO
LAM
LAMA
LAMB
LAME
LAMP
LAN
LAND
LANE
LANK
LANT
LANX
LAP
LAR
LARD
LARI
LARID
LARK
LAS
LASA
LASER
LASH
LASK
LASS
LAST
LAT
LATA
LATE
LATER
LATH
LAUD
LAUN
LAUR
LAURA
LAVA
LAVE
LAW
LAWK
LAWN
LAX
LAY
LAZAR
LAZE
LAZY
LEA
LEAD
LEAF
LEAK
LEAL
LEAM
LEAN
LEAP
LEAR
LEAT
LED
LEE
LEER
LEG
LEHR
LEI
LEK
LEPA
LERP
LET
LEU
LEV
LEW
LEY
LI
LIAR
LIARD
LID
LIE
LIER
LIJA
LIM
LIN
LINA
LIP
LIPA
LIRA
LIRE
LIS
LIT
LO
LOA
LOAD
LOAF
LOAM
LOAN
LOB
LOBAR
LOCA
LOD
LOF
LOG
LOIR
LOKA
LOMA
LOO
LOP
LORA
LORD
LORE
LORI
LORN
LORO
LORS
LORY
LOT
LOTA
LOUR
LOW
LOWA
LOX
LOY
LUE
LUG
LUM
LUNA
LURA
LURAL
LURE
LURG
LURK
LUT
LUX
LY
LYAM
LYARD
LYE
LYRA
LYRE
LYS
MA
MAAM
MABI
MAC
MACE
MACK
MACO
MAD
MADE
MADO
MAE
MAG
MAGE
MAGI
MAHA
MAID
MAIL
MAIM
MAIN
MAJO
MAKE
MAKER
MAKI
MAKO
MAL
MALA
MALE
MALI
MALL
MALM
MALO
MALT
MAMO
MAN
MANA
MAND
MANE
MANG
MANI
MANK
MANO
MANOR
MANT
MANY
MAO
MAP
MAPO
MAR
MARAE
MARC
MARE
MARK
MARKA
MARL
MARLY
MARM
MARO
MART
MARU
MARY
MAS
MASA
MASH
MASK
MASS
MAST
MASU
MAT
MATE
MATH
MATRA
MATY
MAU
MAUD
MAUL
MAUN
MAUX
MAW
MAWK
MAWP
MAY
MAYA
MAYOR
MAZA
MAZE
MAZY
ME
MEAD
MEAK
MEAL
MEAN
MEAT
MEL
MELA
MEM
MEN
MERE
MERK
MERL
MERO
MESA
MET
META
MEW
MHO
MI
MIAN
MIAS
MIB
MICA
MID
MIG
MIL
MILA
MIM
MIMA
MIN
MINA
MIQRA
MIR
MIRD
MIRE
MIRK
MIRO
MIRY
MITRA
MIX
MO
MOAN
MOAT
MOB
MOG
MOHA
MOHAR
MOHR
MOLA
MOLAR
MON
MONA
MOO
MOOR
MOP
MOR
MORA
MORAL
MORAT
MORAY
MORE
MORG
MORGA
MORN
MORO
MORT
MOT
MOU
MOW
MOXA
MOY
MU
MUD
MUDAR
MUG
MUGA
MUIR
MUM
MUN
MURA
MURE
MURK
MURVA
MUSAR
MUTA
MUX
MY
MYAL
MYNA
MYXA
NA
NAA
NAAM
NAB
NABK
NABS
NACE
NACH
NACRE
NADIR
NAE
NAEL
NAG
NAGA
NAID
NAIF
NAIG
NAIK
NAIL
NAIN
NAIO
NAIS
NAK
NAKE
NAKO
NAM
NAME
NAN
NANA
NANE
NANT
NAOS
NAP
NAPA
NAPE
NAPU
NAR
NARD
NARIC
NARK
NARKY
NARR
NARY
NASH
NASI
NAST
NAT
NATR
NAUT
NAVE
NAVY
NAW
NAWT
NAY
NAZE
NE
NEA
NEAL
NEAP
NEAT
NEB
NEE
NEER
NEF
NEI
NEMA
NEO
NEP
NET
NEW
NGAI
NI
NIB
NID
NIG
NIL
NIM
NIP
NIPA
NIT
NIX
NO
NOA
NOB
NOD
NOG
NOIR
NOMA
NON
NOR
NORI
NORIA
NORM
NOT
NOVA
NOW
NOXA
NOY
NTH
NU
NUB
NUL
NUN
NUT
NYE
OAF
OAK
OAKY
OAM
OAR
OARED
OARY
OAST
OAT
OATH
OATY
OBAN
OBE
OBI
OCH
OCK
OCREA
OD
ODA
ODAL
ODD
ODE
ODOR
OE
OER
OES
OF
OFF
OFT
OGAM
OGRE
OH
OHIA
OHM
OHO
OII
OIL
OKA
OKI
OKIA
OKRA
OLAM
OLD
OLLA
OLM
OM
OMAO
OMER
ON
ONA
ONCA
ONE
ONER
ONS
ONZA
OORD
OPAH
OPAL
OPE
OPERA
OPT
OR
ORA
ORAD
ORAL
ORARY
ORB
ORBY
ORC
ORDU
ORE
ORF
ORGAN
ORGY
ORLE
ORLO
ORNA
ORT
ORY
OS
OSE
OTTAR
OUF
OUR
OURS
OUT
OVA
OVAL
OVER
OW
OWD
OWE
OWER
OWK
OWL
OWN
OX
OXAN
OXEA
OXER
OXY
OYER
PA
PAAL
PAAR
PAC
PACA
PACE
PACK
PACO
PACT
PAD
PAGA
PAGE
PAH
PAHA
PAHI
PAHO
PAIK
PAIL
PAIN
PAIP
PAIR
PAIS
PAL
PALE
PALI
PALL
PALM
PALP
PALT
PALY
PAM
PAN
PAND
PANE
PANG
PANK
PANT
PAON
PAP
PAPA
PAPE
PAR
PARA
PARAO
PARD
PARE
PAREN
PARER
PARI
PARK
PARKY
PARLY
PARR
PARRY
PART
PARTY
PASH
PASI
PASS
PAST
PAT
PATA
PATE
PATH
PATO
PATU
PATY
PAU
PAUP
PAUT
PAVE
PAVER
PAVY
PAW
PAWK
PAWL
PAWN
PAX
PAY
PEA
PEAG
PEAI
PEAK
PEAL
PEAN
PEAR
PEAT
PEBA
PED
PEDA
PEE
PEER
PEG
PEGA
PEN
PEP
PER
PERI
PERK
PERM
PERN
PERT
PES
PESA
PET
PEW
PHI
PHO
PHU
PI
PIA
PIAL
PIAN
PIC
PICA
PIE
PIER
PIG
PIK
PIKA
PILAR
PIN
PINA
PIP
PIPA
PIR
PIRL
PIRN
PIRR
PIT
PITA
PIX
PLAK
PLAN
PLAP
PLAT
PLAY
PLEA
PLY
PO
POB
POD
POE
POH
POHA
POI
POL
POM
PON
POOA
POOR
POP
PORAL
PORE
PORK
PORR
PORT
PORY
POT
POUR
POW
POX
POY
PRAAM
PRAD
PRAM
PRANA
PRAT
PRAU
PRAY
PRAYA
PREP
PREY
PRIG
PRIM
PRO
PROA
PROAL
PROB
PROD
PROF
PROG
PROO
PROP
PROW
PRUH
PRUT
PRY
PSHA
PSI
PST
PU
PUA
PUAN
PUB
PUD
PUG
PUJA
PUKA
PUL
PUMA
PUN
PUNA
PUP
PUPA
PUR
PURE
PURL
PURR
PUS
PUT
PYA
PYAL
PYLA
PYR
PYRE
PYRO
PYX
QERE
QERI
QUA
QUAB
QUAD
QUAG
QUAN
QUAR
QUAT
QUAW
QUAY
QUO
RAAD
RAB
RABAT
RABIC
RACE
RACH
RACK
RACY
RAD
RADA
RADAR
RADII
RADIX
RAFF
RAFFE
RAFT
RAG
RAGA
RAGE
RAGGY
RAH
RAIA
RAID
RAIL
RAIN
RAIS
RAJ
RAJA
RAKE
RAKER
RAKH
RAKI
RAKU
RALPH
RAM
RAME
RAMET
RAMI
RAMP
RAN
RANA
RANCE
RAND
RANDY
RANE
RANG
RANI
RANID
RANK
RANN
RANT
RAP
RAPE
RAPER
RAPID
RAPT
RARE
RAS
RASA
RASE
RASER
RASH
RASP
RAT
RATA
RATCH
RATE
RATED
RATH
RAUK
RAULI
RAUN
RAVE
RAVEL
RAVEN
RAVER
RAW
RAX
RAY
RAYA
RAZE
RAZER
RAZOR
RAZZ
RE
REA
REAAL
REACH
READ
READD
REAK
REAL
REAM
REAP
REAR
REASY
REB
REBAB
REBAG
REBIA
RECK
RECT
RED
REDAN
REDD
REDE
REDO
REE
REED
REEF
REEK
REEL
REEM
REEN
REET
REF
REFT
REG
REGAL
REH
REIF
REIM
REIN
REIS
REIT
REL
RELAY
RELY
RENAL
REND
RENK
RENT
REP
REPAY
REPP
REPS
RESAW
RESAY
RESH
RESP
REST
RET
RETAG
RETAX
REV
REVE
REX
RHE
RHEA
RHO
RIAL
RIATA
RIB
RIBE
RICE
RICH
RICK
RID
RIDE
RIE
RIEM
RIER
RIFE
RIFF
RIFT
RIG
RIKK
RILE
RILL
RIM
RIMA
RIMAL
RIME
RIMU
RIMY
RIND
RINE
RING
RINK
RINKA
RIO
RIOT
RIP
RIPA
RIPAL
RIPE
RISE
RISK
RISP
RIST
RIT
RITA
RITE
RIVA
RIVAL
RIVE
RIX
RIXY
ROACH
ROAD
ROAM
ROAN
ROAR
ROB
ROBE
ROC
ROCK
ROCTA
ROD
RODD
RODE
ROE
ROED
ROER
ROEY
ROG
ROHAN
ROI
ROID
ROIL
ROIT
ROKA
ROKE
ROKY
ROLE
ROLL
ROMP
ROND
RONE
ROOD
ROOF
ROOK
ROOL
ROOM
ROON
ROOSA
ROOT
ROPE
ROPP
ROPY
RORY
ROSE
ROSS
ROSY
ROT
ROTA
ROTAL
ROTAN
ROTE
ROTO
ROUB
ROUD
ROUE
ROUN
ROUP
ROUT
ROVE
ROW
ROWY
ROX
ROXY
ROYT
RUACH
RUANA
RUB
RUBY
RUCK
RUD
RUDAS
RUDD
RUDE
RUE
RUEN
RUER
RUFF
RUG
RUGA
RUIN
RUKH
RULE
RULL
RUM
RUMP
RUN
RUNE
RUNG
RUNT
RUPA
RURAL
RURU
RUSE
RUSH
RUSK
RUST
RUT
RUTH
RUX
RYAL
RYE
RYEN
RYME
RYND
RYNT
RYOT
RYPE
SA
SAA
SAB
SABE
SABRA
SAC
SACK
SACO
SACRA
SAD
SADE
SADH
SADO
SADR
SAFE
SAFT
SAG
SAGA
SAGE
SAGO
SAGY
SAH
SAHH
SAI
SAIC
SAID
SAIL
SAIM
SAIN
SAIP
SAIR
SAJ
SAKE
SAKER
SAKI
SAL
SALE
SALP
SALT
SAM
SAME
SAMH
SAMP
SAN
SAND
SANE
SANG
SANK
SANS
SANT
SAO
SAP
SAPA
SAPO
SAR
SARAF
SARD
SARE
SARI
SARIF
SARK
SARNA
SARSA
SART
SASA
SASH
SAT
SATE
SATYR
SAUF
SAUM
SAUR
SAUT
SAVE
SAW
SAWN
SAWT
SAX
SAY
SAYA
SAYER
SCAB
SCAD
SCAM
SCAN
SCAP
SCAR
SCARN
SCART
SCARY
SCAT
SCAUR
SCAW
SCRAG
SCRAM
SCRAP
SCRAT
SCRAY
SCRY
SCUR
SE
SEA
SEAH
SEAK
SEAL
SEAM
SEAR
SEAT
SEAX
SEC
SEE
SEER
SEG
SEN
SER
SERA
SERAI
SERAU
SERE
SERF
SERO
SERT
SET
SETA
SEW
SEX
SEY
SH
SHA
SHAB
SHAD
SHAG
SHAH
SHAM
SHAN
SHAP
SHARD
SHARN
SHAT
SHAW
SHAY
SHE
SHEA
SHEAR
SHER
SHI
SHO
SHOR
SHRAG
SHY
SI
SIAK
SIAL
SIB
SIC
SIE
SIER
SIG
SIKA
SIL
SIMA
SIN
SINA
SIP
SIR
SIRE
SIS
SIT
SIVA
SIX
SKAG
SKAL
SKART
SKAT
SKAW
SKER
SKI
SKUA
SKY
SLA
SLAB
SLAD
SLAE
SLAG
SLAM
SLAP
SLAT
SLAW
SLAY
SLUR
SLY
SMA
SMART
SMUR
SNAB
SNAG
SNAP
SNARE
SNARL
SNAW
SNUR
SNY
SO
SOAK
SOAM
SOAP
SOAR
SOB
SOC
SOD
SODA
SOE
SOFA
SOFAR
SOG
SOH
SOJA
SOK
SOKA
SOL
SOLA
SOMA
SON
SOP
SORA
SORB
SORE
SORI
SORN
SORRA
SORT
SORY
SOT
SOU
SOUR
SOV
SOW
SOWAR
SOY
SOYA
SPA
SPAD
SPAE
SPAK
SPAN
SPAR
SPART
SPAT
SPAY
SPOR
SPRAD
SPRAY
SPRY
SPUR
SPY
SRI
SSU
ST
STAB
STAG
STAIR
STAM
STAP
STAR
STARK
STAW
STAY
STIR
STOA
STRA
STRAE
STRAP
STRE
STY
SUB
SUD
SUE
SUER
SUM
SUN
SUP
SUPA
SUR
SURA
SURAT
SURD
SURE
SURF
SUTRA
SUZ
SWA
SWAB
SWAD
SWAG
SWAM
SWAN
SWAP
SWARF
SWAT
SWAY
SWEAR
SYE
SYRE
SYRT
TA
TAA
TAAR
TAB
TABU
TACH
TACK
TACT
TAD
TADE
TAE
TAEL
TAEN
TAFT
TAG
TAHA
TAHR
TAI
TAIL
TAIN
TAIT
TAJ
TAKE
TAKT
TAKY
TAL
TALA
TALAR
TALC
TALD
TALE
TALI
TALK
TALL
TAM
TAME
TAMER
TAMP
TAN
TANA
TANE
TANG
TANH
TANK
TAO
TAP
TAPA
TAPE
TAPS
TAPU
TAR
TARA
TARDY
TARE
TAREA
TARI
TARIE
TARN
TARO
TAROC
TARP
TARR
TARS
TART
TASH
TASK
TASS
TASU
TAT
TATE
TATER
TATH
TATU
TAU
TAUM
TAUN
TAUR
TAUT
TAV
TAVE
TAW
TAWA
TAWN
TAWS
TAX
TAXER
TAXI
TAXY
TAY
TCH
TCK
TE
TEA
TEAD
TEAER
TEAK
TEAL
TEAM
TEAN
TEAP
TEAR
TEAT
TEC
TECA
TED
TEE
TEER
TEG
TEN
TERA
TERAS
TERM
TERMA
TERN
TERNA
TERP
TETRA
TEW
TEZ
TH
THA
THAN
THAR
THARF
THAT
THAW
THE
THIR
THO
THRO
THY
TI
TIAO
TIAR
TIARA
TIB
TIC
TID
TIE
TIER
TIG
TIL
TIN
TIP
TIRE
TIRL
TIRR
TIT
TITAR
TIZA
TJI
TO
TOA
TOAD
TOAT
TOD
TOE
TOG
TOGA
TOI
TOL
TON
TOO
TOP
TOR
TORA
TORAL
TORC
TORE
TORN
TORO
TORT
TORU
TORY
TOT
TOU
TOUR
TOVAR
TOW
TOX
TOXA
TOY
TRA
TRAG
TRAH
TRAM
TRAP
TRAPS
TRASS
TRAY
TREAD
TREAT
TREE
TREF
TREK
TRET
TREY
TRI
TRIFA
TRIG
TRIM
TRIN
TRIO
TRIP
TROCA
TROD
TROG
TRON
TRONA
TROT
TROW
TROY
TRUB
TRUE
TRUG
TRUN
TRY
TRYP
TRYT
TSAR
TSIA
TST
TU
TUA
TUAN
TUB
TUBA
TUE
TUFA
TUG
TUI
TULA
TUM
TUN
TUNA
TUP
TUR
TURB
TURD
TURF
TURK
TURM
TURMA
TURN
TURP
TURR
TUT
TUX
TUZA
TWA
TWAE
TWAL
TWAS
TWAT
TWAY
TWO
TYE
TYG
TYRE
TYRO
TYT
UANG
UBI
UDAL
UDO
UG
UGH
UJI
UKE
ULA
ULE
ULL
ULLA
ULNA
ULU
ULUA
UM
UME
UMP
UMU
UN
UNAL
UNARM
UNAU
UNBAR
UNCA
UP
UPAS
UPLA
UPO
UR
URA
URAL
URALI
URAN
URAO
URD
URDE
URE
UREA
URF
URGE
URIC
URMAN
URN
URNA
URUS
URVA
US
USAR
USARA
USE
USER
USH
UST
UT
UTA
UTAI
UTAS
UTU
UVA
UVAL
UVEA
UZAN
VADE
VADY
VAG
VAGE
VAIL
VAIN
VAIR
VAJRA
VALE
VALI
VALL
VALOR
VAMP
VAN
VANE
VANG
VARA
VARAN
VARE
VARI
VARVE
VARY
VAS
VASA
VASE
VAST
VASU
VAT
VAU
VEAL
VEE
VEER
VEI
VELA
VELAR
VERA
VERB
VERD
VERI
VERT
VERY
VET
VETA
VEX
VIA
VIAL
VIE
VIER
VIGA
VILA
VIM
VINA
VIRE
VIRGA
VIRL
VIS
VISA
VITA
VIVA
VOAR
VOE
VOG
VOL
VOTA
VOW
VRAIC
VUG
VUM
WA
WAAG
WAAR
WAB
WABE
WACE
WACK
WAD
WADE
WADI
WAE
WAEG
WAER
WAFF
WAFT
WAG
WAGE
WAH
WAIF
WAIK
WAIL
WAIN
WAIT
WAKA
WAKE
WAKF
WAKY
WALE
WALI
WALK
WALL
WALT
WAME
WAMP
WAN
WAND
WANE
WANG
WANT
WANY
WAP
WAPP
WAR
WARD
WARE
WARF
WARK
WARL
WARLY
WARM
WARN
WARNT
WARP
WARST
WART
WARTH
WARY
WAS
WASE
WASH
WASP
WAST
WAT
WATH
WATT
WAUF
WAUL
WAUP
WAUR
WAVE
WAVER
WAVY
WAW
WAWA
WAX
WAXY
WAY
WAYS
WE
WEAK
WEAL
WEAM
WEAN
WEAR
WEB
WED
WEE
WEIR
WEKA
WEM
WEN
WER
WERE
WERF
WERI
WERT
WET
WETA
WEY
WHA
WHAM
WHAN
WHAP
WHAR
WHARL
WHAT
WHAU
WHAUR
WHIR
WHO
WHOA
WHY
WI
WID
WIG
WIM
WIN
WIR
WIRD
WIRE
WIRL
WIRR
WIRY
WIS
WIT
WIZ
WO
WOAD
WOAK
WOAN
WOB
WOD
WOE
WOG
WON
WOO
WOP
WORD
WORE
WORK
WORM
WORN
WORT
WOT
WOW
WOY
WRAN
WRAP
WRAW
WREAT
WREN
WRIG
WRIT
WRO
WROX
WRY
WUD
WUN
WUP
WUR
WUT
WY
WYE
WYN
XI
XYLA
YA
YABA
YABU
YAD
YADE
YAFF
YAGI
YAH
YAIR
YAIRD
YAJE
YAK
YALB
YALE
YALI
YAM
YAMP
YAN
YANG
YANK
YAP
YAPA
YAPP
YAR
YARB
YARD
YARE
YARK
YARKE
YARL
YARLY
YARM
YARN
YARR
YAS
YAT
YATE
YATI
YAUD
YAVA
YAW
YAWL
YAWN
YAWP
YAWS
YAWY
YAYA
YDAY
YE
YEA
YEAH
YEAN
YEAR
YEARA
YEAT
YED
YEE
YEN
YEO
YEP
YER
YERB
YERD
YERE
YERK
YERN
YES
YET
YETA
YEW
YEX
YEZ
YIN
YIP
YIRD
YIRK
YIRM
YIRN
YIRR
YIS
YM
YN
YO
YOE
YOGA
YOI
YOK
YOM
YON
YOR
YORE
YORK
YOT
YOU
YOUR
YOW
YOX
YOY
YR
YUAN
YUCA
YUH
YURT
YURTA
YUS
ZA
ZAC
ZAD
ZAG
ZAIN
ZAK
ZANT
ZANY
ZAR
ZARF
ZARP
ZAT
ZATI
ZAX
ZEAL
ZED
ZEE
ZEL
ZER
ZERO
ZETA
ZIARA
ZIG
ZIP
