AA
AAL
AAM
ABA
ABB
ABED
ABET
ABEY
ABLE
ABOX
ABU
ABUT
ABY
ACE
ACH
ACHE
ACLE
ACME
ACNE
ACRE
ACT
ACTA
ACTU
AD
ADAT
ADD
ADE
ADEPT
ADET
ADIT
ADNEX
ADO
ADY
ADZ
ADZE
AE
AEON
AER
AERO
AERY
AES
AFT
AFTER
AGA
AGE
AGED
AGEE
AGEN
AGER
AGLET
AGO
AGRE
AGUE
AGY
AH
AHA
AHEM
AHEY
AHO
AHU
AID
AIDE
AIEL
AIL
AILE
AIM
AINT
AIR
AIRE
AIRT
AIT
AK
AKA
AKE
AKEE
AKEY
AKO
AKU
AL
ALA
ALATE
ALB
ALBE
ALE
ALEC
ALEE
ALEF
ALEM
ALEN
ALF
ALIT
ALK
ALL
ALME
ALN
ALO
ALOE
ALP
ALT
ALTO
ALY
AM
AMA
AME
AMEN
AMI
AMT
AMY
AN
ANA
AND
ANENT
ANES
ANEW
ANI
ANN
ANNET
ANNEX
ANT
ANTA
ANTE
ANTI
ANTU
ANY
APA
APE
APER
APEX
APSE
APT
ARA
ARC
ARE
AREA
ARED
ARK
ARM
ARN
ARSE
ART
ARTEL
ARTY
ARU
ARX
ARY
AS
ASE
ASEM
ASH
ASK
ASP
ASS
ASSE
ASSET
AST
ASTA
AT
ATAP
ATE
ATEF
ATELO
ATES
ATIP
ATIS
ATLE
ATMA
ATMO
ATOKE
ATOM
ATOP
ATRY
ATTA
ATWO
AUBE
AUGE
AUH
AUK
AUM
AUNE
AUNT
AUTE
AUTO
AVA
AVE
AVER
AVO
AW
AWA
AWAT
AWD
AWE
AWEE
AWL
AWN
AX
AXAL
AXE
AXED
AXES
AXIL
AXIS
AXLE
AXON
AXTREE
AY
AYE
AYU
AZIDE
AZO
AZON
AZOX
AZTECA
BA
BAA
BABE
BAC
BAD
BADE
BAE
BAFT
BAG
BAH
BAHT
BAIT
BAIZE
BAKE
BAL
BALE
BAM
BAN
BANE
BANT
BAP
BAR
BARE
BAS
BASE
BAST
BAT
BATE
BATH
BATS
BATT
BATZ
BAW
BAXTER
BAY
BAZE
BE
BEAD
BEAK
BEAL
BEAM
BEAN
BEAR
BEAT
BEAU
BEAUX
BED
BEE
BEET
BEG
BEGAT
BEL
BELA
BELT
BEMA
BEN
BENA
BENT
BER
BES
BESA
BEST
BET
BETA
BETH
BEY
BHAT
BIT
BITE
BIZ
BIZET
BLAE
BLAT
BLATE
BLAZE
BLEAT
BLET
BO
BOA
BOAT
BOT
BOTA
BOTE
BOZA
BRA
BRAE
BRAT
BRET
BU
BUT
BY
BYE
CA
CAB
CAD
CADE
CADET
CAG
CAGE
CAKE
CAL
CALX
CAM
CAME
CAN
CANE
CANT
CAP
CAPE
CAR
CARE
CARET
CART
CARTE
CASE
CAST
CAT
CATE
CAVE
CAW
CAY
CAZA
CE
CEE
CELT
CENT
CEP
CEPA
CEST
CETI
CHA
CHAT
CHE
CIT
CITE
CLAT
COAT
COAX
COE
COT
COTE
COX
COXA
COZ
COZE
CRATE
CRAZE
CREA
CUE
CUT
CUTE
CZAR
DA
DAB
DACE
DAD
DADE
DAE
DAER
DAFT
DAG
DAH
DAK
DAL
DALE
DALT
DAM
DAME
DAN
DAO
DAP
DAR
DARE
DART
DAS
DATA
DATE
DATER
DAUT
DAW
DAY
DAZE
DAZY
DE
DEAD
DEAF
DEAL
DEAN
DEAR
DEATH
DEB
DEBT
DEE
DEFT
DEG
DEN
DENT
DEPA
DEV
DEVA
DEW
DEWAX
DEY
DHA
DI
DIE
DIET
DIT
DITA
DITE
DO
DOAT
DOE
DOT
DOTE
DOXA
DOZE
DRAT
DUE
DUET
DUX
DYE
EA
EACH
EAN
EAR
EARL
EARN
EASE
EAST
EASY
EAT
EATS
EAVE
EBB
ECAD
EDEA
EDH
EDIT
EEL
EER
EFT
EGAD
EGG
EGMA
EGO
EH
EKE
EKKA
EL
ELATE
ELB
ELD
ELF
ELK
ELL
ELM
ELS
ELT
EM
EME
EMIT
EMMA
EMPT
EMU
EN
ENAM
END
ENS
ENTAD
ENTIA
EOAN
EON
EPHA
ER
ERA
ERAL
ERD
ERE
ERG
ERIA
ERR
ERS
ERTH
ES
ESCA
ESS
ETA
ETCH
ETNA
ETUA
ETUI
ETYM
EU
EUTAXY
EVE
EWE
EX
EXAM
EXES
EXIT
EXON
EXTANT
EXTIMA
EXTOL
EXULT
EY
EYAH
EYAS
EYE
EYN
EYOT
EYRA
EZBA
FACE
FACT
FAD
FADE
FAE
FAG
FAGE
FAKE
FALX
FAM
FAME
FAN
FANT
FAR
FARE
FAST
FAT
FATE
FATED
FAY
FAZE
FE
FEAK
FEAL
FEAR
FEAT
FEATY
FEAZE
FED
FEE
FEI
FELT
FEN
FENT
FEST
FET
FETAL
FEU
FEW
FEY
FEZ
FIAT
FIE
FIT
FIX
FIXATE
FLAT
FLAX
FLEA
FLET
FLEX
FOE
FOT
FOX
FRAE
FRAT
FRAZE
FRET
FU
FUT
FUTE
FUZE
GA
GAB
GAD
GADE
GAEN
GAET
GAG
GAGE
GAIT
GAJ
GAL
GALE
GALT
GAM
GAME
GAN
GANE
GANT
GAP
GAPE
GAR
GARE
GAS
GAST
GAT
GATA
GATE
GATED
GATER
GAU
GAUT
GAUZE
GAVE
GAW
GAY
GAZ
GAZE
GAZI
GAZY
GE
GEAL
GEAN
GEAR
GEAT
GED
GEE
GEET
GEL
GELT
GEM
GEN
GENA
GENT
GEO
GER
GEST
GET
GETA
GEY
GEZ
GHAT
GIE
GIT
GNAT
GO
GOA
GOAT
GOT
GOTE
GRA
GRAT
GRAZE
GUE
GUT
GUZ
GUZE
GYTE
HA
HAD
HADE
HAEC
HAEM
HAET
HAFT
HAG
HAH
HAJE
HAK
HAKE
HALE
HALT
HAM
HAME
HAN
HANT
HAO
HAP
HARE
HART
HAT
HATE
HATH
HATT
HAU
HAVE
HAW
HAY
HAYZ
HAZE
HAZEL
HAZY
HE
HEAD
HEAF
HEAL
HEAP
HEAR
HEART
HEAT
HEATH
HEFT
HEI
HEM
HEN
HENT
HEP
HER
HEST
HET
HEW
HEWT
HEX
HEXA
HEY
HI
HIA
HIATE
HIE
HIT
HO
HOAX
HOE
HOT
HOX
HUE
HUT
IAO
IBA
IBEX
ICE
ID
IDE
IDEA
IE
IF
IFE
IKAT
ILEX
IN
IO
IOTA
IRE
IS
IST
IT
ITCZE
ITEM
ITER
ITS
IVA
IWA
IZAR
IZLE
IZOTE
JAB
JADE
JAG
JAKE
JAM
JANE
JAP
JAPE
JAR
JATI
JATO
JAW
JAY
JAZZ
JEAN
JED
JERT
JEST
JET
JETE
JO
JOE
JOT
JOTA
JUT
JUTE
KA
KAI
KALE
KAME
KAN
KAT
KATH
KAY
KAZI
KEA
KEB
KED
KEET
KEF
KEG
KEITA
KELT
KEN
KENT
KEP
KEPT
KET
KETA
KETAL
KETO
KEX
KEXY
KEY
KHAT
KHET
KIT
KITE
KMET
KNET
KNEZ
KO
KOA
KOAE
KRA
KYAT
KYTE
LA
LAB
LAC
LACE
LAD
LADE
LAET
LAG
LAI
LAK
LAKE
LAM
LAME
LAN
LANE
LANT
LANX
LAP
LAR
LAS
LAST
LAT
LATA
LATE
LATEN
LATER
LATEX
LATH
LATHE
LAVE
LAW
LAX
LAY
LAZE
LAZY
LEA
LEAD
LEAF
LEAK
LEAL
LEAM
LEAN
LEAP
LEAPT
LEAR
LEAST
LEAT
LEATH
LED
LEE
LEET
LEFT
LEG
LEI
LEK
LENT
LEPA
LEST
LET
LETE
LEU
LEV
LEW
LEY
LI
LIE
LIT
LITE
LITZ
LO
LOA
LOT
LOTA
LOTE
LOX
LUE
LUT
LUTE
LUX
LUXE
LY
LYE
MA
MAC
MACE
MAD
MADE
MAE
MAG
MAGE
MAIZE
MAKE
MAL
MALE
MALT
MAN
MANE
MANT
MAO
MAP
MAR
MARE
MART
MAS
MAST
MAT
MATAX
MATE
MATH
MATY
MAU
MAUX
MAW
MAY
MAZA
MAZE
MAZED
MAZY
ME
MEAD
MEAK
MEAL
MEAN
MEANT
MEAT
MEET
MEL
MELA
MELT
MEM
MEN
MESA
MET
META
METAD
METE
MEW
MI
MITE
MIX
MO
MOAT
MOT
MOTE
MOXA
MU
MUTA
MUTE
MUX
MY
MYXA
NA
NAA
NAB
NACE
NAE
NAEL
NAG
NAK
NAKE
NAM
NAME
NAN
NANE
NANT
NAP
NAPE
NAR
NAST
NAT
NATR
NAUT
NAVE
NAVET
NAW
NAWT
NAY
NAZE
NE
NEA
NEAL
NEAP
NEAT
NEB
NEE
NEET
NEF
NEI
NEMA
NENTA
NEO
NEOZA
NEP
NEST
NET
NETE
NETH
NETI
NEW
NEWT
NEXT
NI
NIT
NIX
NO
NOA
NOT
NOTE
NOXA
NTH
NU
NUT
NYE
OAF
OAK
OAM
OAR
OAST
OAT
OATEN
OATH
OATY
OBE
OBEX
OD
ODA
ODE
OE
OER
OES
OF
OFT
OH
OKA
OKET
OM
ON
ONA
ONE
ONZA
OOZE
OPE
OPT
OR
ORA
ORE
ORT
OS
OSE
OTATE
OUT
OVA
OW
OWE
OX
OXAN
OXEA
OXEN
OXER
OXTER
OXY
OZENA
PA
PAC
PACE
PACT
PAD
PAGE
PAH
PAL
PALE
PALT
PAM
PAN
PANE
PANT
PAP
PAPE
PAR
PARE
PART
PAST
PAT
PATA
PATE
PATH
PATO
PATU
PATY
PAU
PAUT
PAVE
PAW
PAX
PAY
PEA
PEAG
PEAI
PEAK
PEAL
PEAN
PEAR
PEAT
PEBA
PED
PEDA
PEE
PEG
PEGA
PELT
PEN
PENT
PENTA
PEP
PER
PERT
PES
PESA
PEST
PET
PETE
PETO
PEW
PI
PIA
PIE
PIET
PIT
PITA
PIX
PIZE
PLAT
PLATE
PLEA
PLEX
PO
POE
POET
POT
POTE
POX
PRAT
PST
PU
PUA
PUT
PYA
PYX
QUA
QUAT
QUET
RAB
RACE
RAD
RAFT
RAG
RAGE
RAH
RAJ
RAKE
RAM
RAME
RAMET
RAN
RANE
RANT
RAP
RAPE
RAPT
RARE
RAS
RASE
RAT
RATA
RATE
RATED
RATH
RAVE
RAW
RAX
RAY
RAZE
RAZER
RAZZ
RE
REA
READ
REAK
REAL
REAM
REAP
REAR
REB
RECT
RED
REE
REET
REF
REFT
REG
REH
REIT
REL
RENT
REP
REST
RET
RETAG
RETAX
REV
REX
RHE
RHEA
RIE
RIT
RITA
RITE
RIX
ROE
ROT
ROTA
ROTE
ROX
RUE
RUT
RUX
RYE
SA
SAA
SAB
SABE
SAC
SAD
SADE
SAFE
SAFT
SAG
SAGE
SAH
SAI
SAJ
SAKE
SAL
SALE
SALT
SAM
SAME
SAN
SANE
SANT
SAO
SAP
SAR
SARE
SART
SAT
SATE
SAUT
SAVE
SAW
SAWT
SAX
SAXTIE
SAY
SCAT
SE
SEA
SEAH
SEAK
SEAL
SEAM
SEAR
SEAT
SEAX
SEC
SECT
SEE
SEG
SEIT
SELT
SEN
SENT
SEPT
SEPTA
SER
SERA
SERT
SET
SETA
SETAL
SETH
SETT
SEW
SEX
SEXT
SEXY
SEY
SH
SHA
SHAT
SHE
SHEA
SHEAT
SI
SIE
SIT
SITE
SIX
SIZE
SKAT
SLA
SLAE
SLAT
SLATE
SMA
SO
SOE
SOT
SPA
SPAE
SPAT
SPET
SPEX
ST
STAB
STAG
STAGE
STAKE
STAM
STAP
STAR
STAW
STAY
STEAM
STEG
STEM
STEN
STEP
STET
STEW
STEY
STOA
STRA
STRAE
STRE
STUE
STY
SUE
SUET
SUZ
SWA
SWAT
SYE
TA
TAA
TAAR
TAB
TABLE
TABU
TACH
TACK
TACT
TAD
TADE
TAE
TAEL
TAEN
TAFT
TAG
TAHA
TAHR
TAI
TAIL
TAIN
TAIT
TAJ
TAKE
TAKT
TAKY
TAL
TALA
TALC
TALD
TALE
TALI
TALK
TALL
TAM
TAME
TAMER
TAMP
TAN
TANA
TANE
TANG
TANH
TANK
TANZEB
TAO
TAP
TAPA
TAPE
TAPET
TAPS
TAPU
TAR
TARA
TARE
TAREA
TARI
TARIE
TARN
TARO
TARP
TARR
TARS
TART
TASH
TASK
TASS
TASU
TAT
TATE
TATER
TATH
TATU
TAU
TAUM
TAUN
TAUR
TAUT
TAV
TAVE
TAW
TAWA
TAWIE
TAWN
TAWS
TAWSE
TAX
TAXED
TAXEME
TAXER
TAXI
TAXON
TAXY
TAY
TCH
TCHE
TCK
TE
TEA
TEABOX
TEAD
TEAER
TEAK
TEAL
TEAM
TEAN
TEAP
TEAR
TEAT
TEAVE
TEC
TECA
TECH
TECK
TED
TEE
TEEL
TEEM
TEEN
TEER
TEET
TEFF
TEG
TEIL
TEJU
TELE
TELI
TELL
TELT
TEMP
TEN
TEND
TENG
TENT
TEPAL
TERA
TERAS
TERM
TERMA
TERN
TERNA
TERP
TERZO
TEST
TETE
TETH
TETRA
TEUK
TEW
TEXT
TEZ
TH
THA
THAN
THAR
THAT
THAVE
THAW
THE
THEB
THEE
THEM
THEN
THEW
THEY
THO
THY
TI
TIAO
TIAR
TIB
TIC
TICE
TID
TIDE
TIE
TIED
TIEN
TIER
TIG
TIGE
TIL
TILE
TIME
TIN
TINE
TIP
TIPE
TIRE
TIT
TITE
TIZA
TJI
TO
TOA
TOAD
TOAT
TOBE
TOD
TODE
TOE
TOED
TOG
TOGA
TOI
TOKE
TOL
TOLE
TOME
TON
TONE
TOO
TOP
TOPE
TOR
TORA
TORE
TOT
TOTE
TOU
TOW
TOX
TOXA
TOY
TOZE
TOZEE
TRA
TRAG
TRAH
TRAM
TRAP
TRAY
TREAD
TREAT
TREE
TREF
TREK
TRET
TREY
TRI
TRUE
TRY
TSAR
TSIA
TST
TU
TUA
TUAN
TUB
TUBA
TUBAE
TUBE
TUE
TUFA
TUG
TUI
TUKE
TULA
TULE
TUM
TUME
TUN
TUNA
TUNE
TUP
TUR
TUT
TUTE
TUX
TUZA
TWA
TWAE
TWAL
TWALE
TWAS
TWAT
TWAY
TWEE
TWO
TYE
TYEE
TYG
TYKE
TYPE
TYRE
TYT
UG
UKE
ULA
ULE
ULEX
UM
UME
UN
UNTZ
UNZE
UP
UR
URA
URE
UREA
US
USE
UST
UT
UTA
UTAI
UTAS
UTU
UVA
UVEA
UZAN
VADE
VAG
VAGE
VALE
VAN
VANE
VARE
VAS
VASE
VAST
VAT
VAU
VEAL
VEE
VEI
VELA
VENT
VERA
VERT
VEST
VET
VETA
VETO
VEX
VEXT
VIA
VIE
VITA
VOE
VOET
VOTA
VOTE
WA
WAB
WABE
WACE
WAD
WADE
WAE
WAEG
WAER
WAFT
WAG
WAGE
WAH
WAIT
WAKE
WALE
WALT
WAME
WAN
WANE
WANT
WAP
WAR
WARE
WART
WAS
WASE
WAST
WAT
WATH
WATT
WAVE
WAW
WAX
WAXY
WAY
WE
WEAK
WEAL
WEAM
WEAN
WEAR
WEB
WED
WEE
WEET
WEFT
WEKA
WELT
WEM
WEN
WENT
WEPT
WER
WERT
WEST
WET
WETA
WEY
WHA
WHAT
WHET
WI
WIT
WITE
WIZ
WO
WOE
WOT
WOTE
WREAT
WUT
WY
WYE
XI
XYLA
XYST
YA
YAD
YADE
YAH
YAJE
YAK
YALE
YAM
YAN
YAP
YAR
YARE
YAS
YAT
YATE
YATI
YAW
YE
YEA
YEAH
YEAN
YEAR
YEAT
YED
YEE
YELT
YEN
YEO
YEP
YER
YES
YEST
YET
YETA
YETH
YEW
YEX
YEZ
YITE
YM
YN
YO
YOE
YOT
YOTE
YOX
YR
ZA
ZABTIE
ZAC
ZAD
ZAG
ZAIN
ZAK
ZANT
ZANY
ZAR
ZARF
ZARP
ZAT
ZATI
ZAX
ZAYAT
ZEAL
ZEBU
ZED
ZEE
ZEED
ZEIN
ZEL
ZEMI
ZENU
ZER
ZERO
ZEST
ZETA
ZIBET
ZIG
ZIP
