AA
ABET
ACE
ACETOIN
ACNE
ACOIN
ACT
ACTIN
ACTON
AD
ADE
ADET
ADION
ADIT
ADO
AE
AEON
AER
AERO
AES
AFT
AGE
AGEN
AGIO
AGO
AGON
AGONE
AH
AHO
AID
AIDE
AIEL
AIL
AILE
AIM
AINT
AION
AIR
AIRE
AIRT
AIT
AK
AKE
AKIN
AKO
AL
ALE
ALEN
ALIN
ALIT
ALN
ALO
ALOE
ALOIN
ALONE
ALT
ALTO
AM
AME
AMEN
AMI
AMIN
AMT
AN
ANA
AND
ANENT
ANES
ANEW
ANGO
ANI
ANIL
ANILE
ANION
ANIS
ANN
ANNET
ANOA
ANOINE
ANOLE
ANON
ANOTIA
ANT
ANTA
ANTE
ANTI
ANTU
ANY
APE
APIO
APT
ARE
ARN
ARNI
AROINT
ART
AS
ASE
ASIENTO
AST
AT
ATE
ATEF
ATELO
ATES
ATIMON
ATIP
ATIS
ATLE
ATMO
ATOKE
ATOM
ATONIC
ATONY
ATOP
ATWO
AUNE
AUNT
AUTE
AUTO
AVE
AVO
AW
AWE
AWIN
AWN
AX
AXE
AXION
AXON
AY
AYE
AYIN
AZO
AZON
AZOTINE
BA
BAE
BAIN
BAIT
BAN
BANE
BANI
BANT
BAT
BATE
BE
BEAN
BEANO
BEAT
BEN
BENA
BENI
BENO
BENT
BET
BETA
BIEN
BIN
BINATE
BINE
BINO
BINT
BION
BIT
BITE
BITO
BO
BOA
BOAT
BOATIE
BON
BONE
BOT
BOTA
BOTE
CA
CAIN
CAN
CANE
CANOE
CANT
CAT
CATE
CATION
CE
CENT
CETI
CINE
CION
CIT
CITE
COAT
COATI
COE
COIN
CON
CONE
COT
COTE
DA
DAE
DAIN
DAN
DANIO
DAO
DAOINE
DATE
DATION
DE
DEAN
DEN
DENT
DI
DIAN
DIE
DIET
DIN
DINE
DINT
DIOTA
DIT
DITA
DITE
DO
DOAT
DOE
DOIT
DON
DONE
DONT
DOT
DOTE
EA
EAN
EAR
EARN
EAST
EAT
EATS
EBON
EDIT
EFT
EGO
EH
EL
ELAIN
ELATION
ELT
EM
EMIT
EN
ENAM
END
ENIAC
ENOIL
ENOL
ENOW
ENS
ENTAD
ENTAIL
ENTIA
EOAN
EON
EOSIN
ER
ERA
ERIA
ES
ETA
ETALON
ETNA
ETUA
ETUI
EU
EX
EXIT
EXON
EY
EYN
EYOT
FAE
FAIN
FAN
FANT
FAON
FAT
FATE
FE
FEAT
FEI
FEINT
FEN
FENT
FET
FIAT
FIE
FIN
FINE
FIT
FOE
FONT
FOT
GA
GAEN
GAET
GAIN
GAINE
GAIT
GAN
GANE
GANT
GAT
GATE
GE
GEAN
GEAT
GEIN
GEN
GENA
GENT
GEO
GET
GETA
GIE
GIEN
GIN
GIO
GIT
GNAT
GO
GOA
GOAT
GOI
GON
GONE
GOT
GOTE
HA
HAET
HAIN
HAN
HANT
HAO
HAT
HATE
HE
HEAT
HEI
HEN
HENT
HET
HI
HIA
HIANT
HIATE
HIE
HIN
HINT
HIT
HO
HOE
HOI
HOIN
HOIT
HONE
HOT
HOTI
IAO
IBA
ICE
ICON
ID
IDANT
IDE
IDEA
IE
IF
IFE
IGNOTE
IKAT
ILOT
IN
INANE
INAPT
INBE
INDE
ING
INGATE
INK
INKET
INLET
INMATE
INN
INONE
INRO
INSEA
INTER
INTO
INTUE
IO
IODATE
ION
IOTA
IRE
IRON
IRONE
IS
ISO
IST
IT
ITEM
ITER
ITMO
ITS
IVA
IWA
IYO
IZOTE
JANE
JATI
JATO
JEAN
JET
JINA
JO
JOE
JOIN
JOINT
JOT
JOTA
KA
KAI
KAN
KAT
KEA
KEITA
KEN
KENO
KENT
KET
KETA
KETO
KIN
KINA
KINO
KIT
KITE
KNET
KNIT
KNOT
KO
KOA
KOAE
KOI
KOINE
KON
KONA
LA
LAET
LAI
LAIN
LAN
LANE
LANT
LAT
LATE
LATEN
LEA
LEAN
LEAT
LEI
LENO
LENT
LET
LI
LIE
LIEN
LIN
LINA
LINE
LINEA
LINO
LINT
LION
LIT
LITE
LO
LOA
LOAN
LOIN
LONE
LOT
LOTA
LOTE
MA
MAE
MAIN
MAN
MANE
MANEI
MANI
MANO
MANT
MANTO
MAO
MAT
MATE
MATIN
ME
MEAN
MEANT
MEAT
MEIN
MEIO
MEN
MET
META
MI
MIAN
MIEN
MIN
MINA
MINE
MINO
MINOT
MINT
MITE
MO
MOAN
MOAT
MOIT
MON
MONA
MONE
MOT
MOTE
NA
NAA
NAB
NACE
NAE
NAEL
NAG
NAID
NAIF
NAIG
NAIK
NAIL
NAIN
NAIO
NAIS
NAK
NAKE
NAKO
NAM
NAME
NAN
NANE
NANT
NAOS
NAP
NAPE
NAR
NASI
NAST
NAT
NATION
NATR
NAUT
NAVE
NAVET
NAW
NAWT
NAY
NAZE
NE
NEA
NEAL
NEAP
NEAT
NEB
NEE
NEET
NEF
NEI
NEIF
NEIST
NEMA
NENTA
NEO
NEON
NEOZA
NEP
NEST
NET
NETE
NETH
NETI
NETOP
NEVO
NEW
NEWT
NEXT
NGAI
NI
NIB
NICE
NID
NIDE
NIFE
NIG
NIL
NIM
NINE
NIOG
NIP
NIPA
NIT
NITO
NITON
NIX
NO
NOA
NOB
NOD
NODE
NODI
NOEL
NOETIC
NOG
NOIL
NOIR
NOMA
NOME
NON
NONE
NONET
NOPE
NOR
NORI
NORIA
NOSE
NOT
NOTAN
NOTATE
NOTE
NOTER
NOTICE
NOVA
NOW
NOWT
NOXA
NOY
NTH
NU
NUT
NYE
OAF
OAK
OAKEN
OAM
OAR
OAST
OAT
OATEN
OATH
OATY
OBAN
OBE
OBI
OBIT
OBTAIN
OCEAN
OCTAN
OD
ODA
ODE
OE
OER
OES
OF
OFT
OFTEN
OH
OHIA
OII
OIL
OIME
OINT
OKA
OKET
OKI
OKIA
OLEIN
OLENA
OLENT
OM
OMEN
OMIT
ON
ONA
ONCA
ONCE
ONCIA
ONE
ONER
ONS
ONSET
ONTAL
ONTO
ONZA
OONT
OPE
OPEN
OPIATE
OPT
OR
ORA
ORE
ORNA
ORT
OS
OSE
OSTEIN
OTATE
OTIC
OUT
OUTEN
OVA
OVEN
OW
OWE
OWN
OX
OXAN
OXEA
OXEN
OZENA
PA
PAEON
PAIN
PAN
PANE
PANT
PANTO
PAON
PAT
PATE
PATO
PEA
PEAI
PEAN
PEAT
PEN
PENT
PENTA
PEON
PET
PETO
PI
PIA
PIAN
PIE
PIEN
PIET
PIN
PINA
PINE
PINO
PINT
PINTE
PINTO
PIT
PITA
PO
POE
POET
POI
POINT
PON
PONE
PONT
POT
POTE
RAIN
RAN
RANE
RANI
RANT
RAT
RATE
RE
REA
REIN
REIT
RENT
RET
RETINA
RIE
RINE
RIO
RIOT
RIT
RITA
RITE
ROAN
ROE
ROI
ROIT
RONE
ROT
ROTA
ROTAN
ROTE
SA
SAI
SAIN
SAINT
SAN
SANE
SANT
SAO
SAT
SATE
SATINE
SE
SEA
SEAT
SEIT
SEN
SENT
SET
SETA
SETON
SI
SIE
SIN
SINA
SINE
SION
SIT
SITAO
SITE
SNOT
SO
SOE
SON
SOT
SOTNIA
ST
STEN
STENO
STOA
TA
TAA
TAB
TAD
TADE
TAE
TAEL
TAEN
TAG
TAI
TAIL
TAIN
TAINT
TAIPO
TAIT
TAJ
TAKE
TAKIN
TAL
TALE
TALI
TALON
TAM
TAME
TAMEIN
TAN
TANA
TANE
TANG
TANH
TANIA
TANIER
TANK
TAO
TAP
TAPE
TAR
TARE
TARI
TARIE
TARN
TARO
TAT
TATE
TAU
TAUN
TAV
TAVE
TAW
TAWIE
TAWN
TAX
TAXI
TAXON
TAY
TE
TEA
TEAD
TEAK
TEAL
TEAM
TEAN
TEAP
TEAR
TEAT
TEC
TECA
TED
TEE
TEEN
TEG
TEIL
TELI
TEN
TEND
TENG
TENT
TERA
TERN
TERNA
TEW
TEZ
TH
THA
THAN
THE
THEN
THIN
THINE
THIO
THO
THON
TI
TIAO
TIAR
TIB
TIC
TICE
TID
TIDE
TIE
TIED
TIEN
TIER
TIG
TIGE
TIL
TILE
TIME
TIN
TIND
TINE
TINED
TING
TINGE
TINK
TINOSA
TINT
TINTA
TINY
TIP
TIPE
TIRE
TIT
TITE
TIZA
TJI
TO
TOA
TOAD
TOAT
TOBE
TOBINE
TOD
TODE
TOE
TOED
TOG
TOGA
TOI
TOIL
TOIT
TOKE
TOL
TOLANE
TOLE
TOME
TON
TONE
TONER
TONG
TONGA
TONK
TONY
TOO
TOON
TOP
TOPE
TOPI
TOR
TORA
TORE
TORN
TOT
TOTE
TOU
TOW
TOWAI
TOWAN
TOWN
TOX
TOXA
TOY
TOZE
TRA
TRI
TRIN
TRINE
TRIO
TRON
TRONA
TSIA
TU
TUA
TUAN
TUE
TUI
TUN
TUNA
TUNE
TUNO
TWA
TWAE
TWIN
TWINE
TWO
TYE
UN
UNIE
UNIO
UNIT
UNTO
UT
UTA
UTAI
VAIN
VAN
VANE
VAT
VEI
VEIN
VENT
VET
VETA
VETO
VIA
VIE
VINA
VINE
VINO
VINT
VITA
VOE
VOET
VOTA
VOTE
WA
WAE
WAIN
WAIT
WAN
WANE
WANT
WAT
WE
WEAN
WEN
WENT
WET
WETA
WI
WIN
WINE
WINT
WIT
WITE
WO
WOAN
WOE
WON
WONE
WONT
WOT
WOTE
XI
YA
YAN
YAT
YATE
YATI
YE
YEA
YEAN
YEAT
YEN
YENI
YEO
YET
YETA
YIN
YITE
YN
YO
YOE
YOI
YON
YONT
YOT
YOTE
ZA
ZAIN
ZANT
ZAT
ZATI
ZEIN
ZETA
