AA
AAL
AAM
ABA
ABB
ABED
ABET
ABEY
ABLE
ABU
ABY
ACE
ACH
ACHE
ACLE
ACME
ACNE
ACRE
ACT
AD
ADD
ADE
ADET
ADO
ADY
ADZ
ADZE
AE
AEON
AER
AERO
AERY
AES
AFT
AGA
AGE
AGED
AGEE
AGEN
AGER
AGO
AGRE
AGUE
AGY
AH
AHA
AHEM
AHEY
AHO
AHU
AID
AIDE
AIEL
AIL
AILE
AIM
AIR
AIRE
AIT
AK
AKA
AKE
AKEE
AKEY
AKO
AKU
AL
ALA
ALB
ALBE
ALE
ALEC
ALEE
ALEF
ALEM
ALEN
ALF
ALK
ALL
ALME
ALN
ALO
ALOE
ALP
ALT
ALY
AM
AMA
AME
AMEN
AMI
AMT
AMY
AN
ANA
AND
ANES
ANEW
ANI
ANN
ANT
ANTE
ANY
APA
APE
APER
APEX
APSE
APT
ARA
ARC
ARE
AREA
ARED
ARK
ARM
ARN
ARSE
ART
ARU
ARX
ARY
AS
ASE
ASEM
ASH
ASK
ASP
ASS
ASSE
AST
AT
ATE
ATEF
ATES
ATLE
AUBE
AUGE
AUH
AUK
AUM
AUNE
AUTE
AVA
AVE
AVER
AVO
AW
AWA
AWD
AWE
AWEE
AWL
AWN
AX
AXE
AXED
AXES
AXLE
AY
AYE
AYU
AZO
BA
BAA
BABE
BAC
BAD
BADE
BAE
BAG
BAH
BAKE
BAL
BALE
BAM
BAN
BANE
BAP
BAR
BARE
BAS
BASE
BAT
BATE
BAW
BAY
BAZE
BE
BEAD
BEAK
BEAL
BEAM
BEAN
BEAR
BEAT
BEAU
BECK
BED
BEE
BEEF
BEEK
BEEN
BEER
BEES
BEET
BEG
BEGO
BEHN
BEL
BELA
BELD
BELL
BELT
BELY
BEMA
BEN
BENA
BEND
BENE
BENG
BENI
BENJ
BENN
BENO
BENT
BER
BERE
BERG
BERM
BES
BESA
BEST
BET
BETA
BETH
BEVY
BEY
BIB
BICE
BID
BIDE
BIEN
BIER
BIG
BIKE
BILE
BIN
BINE
BIS
BIT
BITE
BIZ
BLAE
BLEB
BLEE
BLEO
BLET
BLO
BLUE
BO
BOA
BOB
BOCE
BOD
BODE
BOG
BOKE
BOLE
BOM
BON
BONE
BOO
BOP
BOR
BORE
BOSE
BOT
BOTE
BOW
BOY
BRA
BRAE
BRED
BREE
BREI
BRET
BREW
BREY
BU
BUB
BUD
BUG
BUM
BUN
BUR
BURE
BUS
BUT
BUY
BY
BYE
BYEE
BYRE
CA
CAB
CAD
CADE
CAG
CAGE
CAKE
CAL
CAM
CAME
CAN
CANE
CAP
CAPE
CAR
CARE
CASE
CAT
CATE
CAVE
CAW
CAY
CE
CEDE
CEE
CEIL
CELL
CELT
CENT
CEP
CEPA
CEPE
CEPS
CERE
CERN
CERO
CESS
CEST
CETI
CHA
CHE
CHEE
CHEF
CHEW
CHI
CHO
CIG
CINE
CISE
CIT
CITE
CIVE
CLED
CLEE
CLEF
CLEG
CLEM
CLEP
CLEW
CLUE
CLY
COB
COD
CODE
COE
COED
COG
COKE
COL
COLE
COME
CON
CONE
COO
COP
COPE
COR
CORE
COS
COT
COTE
COUE
COVE
COW
COX
COY
COZ
COZE
CREA
CREE
CREW
CRO
CRY
CUB
CUBE
CUD
CUE
CUKE
CUM
CUP
CUR
CURE
CUT
CUTE
CWM
CYKE
CYME
CYP
DA
DAB
DACE
DAD
DADE
DAE
DAER
DAG
DAH
DAK
DAL
DALE
DAM
DAME
DAN
DAO
DAP
DAR
DARE
DAS
DATE
DAW
DAY
DAZE
DE
DEAD
DEAF
DEAL
DEAN
DEAR
DEB
DEBT
DECK
DEDO
DEE
DEED
DEEM
DEEP
DEER
DEFT
DEFY
DEG
DEGU
DELE
DELF
DELL
DEME
DEMI
DEMY
DEN
DENE
DENT
DENY
DEPA
DERE
DERM
DERN
DESI
DESK
DESS
DEUL
DEV
DEVA
DEW
DEWY
DEY
DHA
DHU
DI
DIB
DICE
DID
DIE
DIEB
DIEM
DIER
DIET
DIG
DIKE
DIM
DIME
DIN
DINE
DIP
DIRE
DIS
DIT
DITE
DIV
DIVE
DO
DOB
DOBE
DOC
DOD
DOE
DOER
DOES
DOG
DOGE
DOKE
DOLE
DOM
DOME
DON
DONE
DOP
DOPE
DOR
DOS
DOSE
DOT
DOTE
DOVE
DOW
DOZE
DREE
DREG
DREW
DRY
DUB
DUD
DUDE
DUE
DUEL
DUER
DUET
DUG
DUKE
DUM
DUN
DUNE
DUO
DUP
DUPE
DURE
DUX
DYCE
DYE
DYER
DYKE
DYNE
EA
EACH
EAN
EAR
EARL
EARN
EASE
EAST
EASY
EAT
EATS
EAVE
EBB
EBOE
EBON
ECAD
ECHE
ECHO
ECRU
EDDO
EDDY
EDEA
EDGE
EDGY
EDH
EDIT
EEL
EELY
EER
EFT
EGAD
EGG
EGGY
EGMA
EGO
EGOL
EH
EHEU
EJOO
EKE
EKER
EKKA
EL
ELB
ELD
ELF
ELK
ELL
ELLE
ELM
ELMY
ELOD
ELS
ELSE
ELT
EM
EME
EMIR
EMIT
EMMA
EMPT
EMU
EMYD
EN
ENAM
END
ENOL
ENOW
ENS
ENSE
ENVY
EOAN
EON
EPEE
EPHA
EPIC
EPOS
ER
ERA
ERAL
ERD
ERE
ERG
ERIA
ERIC
ERNE
EROS
ERR
ERS
ERTH
ERUC
ES
ESCA
ESNE
ESPY
ESS
ETA
ETCH
ETNA
ETUA
ETUI
ETYM
EU
EUGE
EVE
EVEN
EVER
EVIL
EVOE
EWE
EWER
EWRY
EX
EXAM
EXES
EXIT
EXON
EY
EYAH
EYAS
EYE
EYED
EYEN
EYER
EYEY
EYN
EYNE
EYOT
EYRA
EYRE
EZBA
FACE
FAD
FADE
FAE
FAG
FAGE
FAKE
FAM
FAME
FAN
FAR
FARE
FAT
FATE
FAY
FAZE
FE
FEAK
FEAL
FEAR
FEAT
FECK
FED
FEE
FEED
FEEL
FEER
FEI
FEIF
FEIL
FEIS
FELL
FELS
FELT
FEME
FEN
FEND
FENT
FEOD
FERK
FERN
FERU
FESS
FEST
FET
FEU
FEUD
FEW
FEY
FEZ
FIB
FICE
FID
FIDE
FIE
FIFE
FIG
FIKE
FILE
FIN
FINE
FIP
FIR
FIRE
FISE
FIT
FIVE
FIX
FLEA
FLED
FLEE
FLET
FLEW
FLEX
FLEY
FLOE
FLU
FLUE
FLY
FOB
FOD
FOE
FOG
FOLE
FOO
FOP
FOR
FORE
FOT
FOU
FOW
FOX
FOY
FRAE
FREE
FRET
FRO
FROE
FRY
FU
FUB
FUD
FUEL
FUM
FUME
FUN
FUR
FUSE
FUT
FUTE
FUYE
FUZE
FYKE
GA
GAB
GAD
GADE
GAEN
GAET
GAG
GAGE
GAJ
GAL
GALE
GAM
GAME
GAN
GANE
GAP
GAPE
GAR
GARE
GAS
GAT
GATE
GAU
GAVE
GAW
GAY
GAZ
GAZE
GE
GEAL
GEAN
GEAR
GEAT
GECK
GED
GEE
GEEK
GEET
GEGG
GEIN
GEL
GELD
GELL
GELT
GEM
GEN
GENA
GENE
GENS
GENT
GENU
GEO
GER
GERB
GERM
GERS
GEST
GET
GETA
GEUM
GEY
GEZ
GHEE
GIB
GIBE
GID
GIE
GIED
GIEN
GIF
GIG
GIM
GIN
GIO
GIP
GIT
GIVE
GLEE
GLEG
GLEN
GLUE
GNU
GO
GOA
GOB
GOD
GODE
GOEL
GOER
GOES
GOG
GOI
GOL
GON
GONE
GOO
GOR
GORE
GOS
GOT
GOTE
GOVE
GOY
GRA
GREE
GREW
GREY
GRR
GRUE
GUD
GUDE
GUE
GUL
GULE
GUM
GUN
GUP
GUR
GUT
GUY
GUZ
GUZE
GYLE
GYM
GYN
GYNE
GYP
GYPE
GYRE
GYTE
GYVE
HA
HAD
HADE
HAEC
HAEM
HAET
HAG
HAH
HAJE
HAK
HAKE
HALE
HAM
HAME
HAN
HAO
HAP
HARE
HAT
HATE
HAU
HAVE
HAW
HAY
HAZE
HE
HEAD
HEAF
HEAL
HEAP
HEAR
HEAT
HECH
HECK
HEED
HEEL
HEER
HEFT
HEI
HEII
HEIR
HELE
HELL
HELM
HELP
HEM
HEME
HEML
HEMP
HEN
HEND
HENT
HEP
HER
HERB
HERD
HERE
HERL
HERN
HERO
HERS
HEST
HET
HEVI
HEW
HEWN
HEWT
HEX
HEXA
HEY
HI
HIA
HIC
HIDE
HIE
HIKE
HIM
HIN
HIP
HIPE
HIRE
HIS
HIT
HIVE
HO
HOB
HOD
HOE
HOER
HOG
HOI
HOLE
HOME
HONE
HOP
HOPE
HOSE
HOT
HOVE
HOW
HOWE
HOX
HOY
HUB
HUD
HUE
HUED
HUER
HUG
HUGE
HUH
HUKE
HUM
HUP
HURE
HUSE
HUT
HYKE
HYLE
HYNE
HYP
IAO
IBA
IBEX
ICE
ICED
ICH
ICY
ID
IDE
IDEA
IDES
IDLE
IE
IF
IFE
IHI
IKEY
ILEX
ILK
ILL
IMBE
IMI
IMP
IMU
IN
INBE
INDE
ING
INK
INN
IO
ION
IRE
IRK
IS
ISLE
ISM
ISO
IST
IT
ITEM
ITER
ITS
IVA
IVY
IWA
IYO
IZLE
JAB
JADE
JAG
JAKE
JAM
JANE
JAP
JAPE
JAR
JAW
JAY
JEAN
JED
JEEL
JEEP
JEER
JEFF
JEHU
JELL
JERK
JERL
JERM
JERT
JESS
JEST
JET
JETE
JIB
JIBE
JIG
JIVE
JO
JOB
JOE
JOEY
JOG
JOKE
JOT
JOW
JOY
JUBE
JUD
JUG
JUKE
JUNE
JUPE
JURE
JUT
JUTE
KA
KAI
KALE
KAME
KAN
KAT
KAY
KEA
KEB
KECK
KED
KEEK
KEEL
KEEN
KEEP
KEET
KEF
KEG
KELD
KELE
KELK
KELL
KELP
KELT
KEMB
KEMP
KEN
KEND
KENO
KENT
KEP
KEPI
KEPT
KERF
KERN
KET
KETA
KETO
KEUP
KEX
KEXY
KEY
KHET
KHU
KIBE
KIEL
KIER
KIKE
KIL
KIM
KIN
KIP
KIPE
KIT
KITE
KMET
KNEE
KNET
KNEW
KNEZ
KO
KOA
KOAE
KOB
KOEL
KOI
KON
KOP
KOR
KORE
KOS
KOU
KRA
KUEI
KUGE
KYL
KYLE
KYTE
LA
LAB
LAC
LACE
LAD
LADE
LAET
LAG
LAI
LAK
LAKE
LAM
LAME
LAN
LANE
LAP
LAR
LAS
LAT
LATE
LAVE
LAW
LAX
LAY
LAZE
LEA
LEAD
LEAF
LEAK
LEAL
LEAM
LEAN
LEAP
LEAR
LEAT
LECH
LECK
LED
LEDE
LEE
LEED
LEEK
LEEP
LEER
LEES
LEET
LEFT
LEG
LEHR
LEI
LEK
LEND
LENE
LENO
LENS
LENT
LEPA
LERP
LESS
LEST
LET
LETE
LEU
LEUD
LEUK
LEV
LEVO
LEVY
LEW
LEWD
LEY
LI
LID
LIE
LIED
LIEF
LIEN
LIER
LIEU
LIFE
LIKE
LILE
LIM
LIME
LIN
LINE
LIP
LIRE
LIS
LIT
LITE
LIVE
LO
LOA
LOB
LOBE
LOD
LODE
LOF
LOG
LOGE
LOKE
LONE
LOO
LOP
LOPE
LORE
LOSE
LOT
LOTE
LOVE
LOW
LOX
LOY
LUBE
LUCE
LUE
LUES
LUG
LUGE
LUKE
LUM
LUNE
LUPE
LURE
LUT
LUTE
LUX
LUXE
LY
LYE
LYRE
LYS
LYSE
MA
MAC
MACE
MAD
MADE
MAE
MAG
MAGE
MAKE
MAL
MALE
MAN
MANE
MAO
MAP
MAR
MARE
MAS
MAT
MATE
MAU
MAW
MAY
MAZE
ME
MEAD
MEAK
MEAL
MEAN
MEAT
MEED
MEEK
MEET
MEIN
MEIO
MEL
MELA
MELD
MELE
MELL
MELT
MEM
MEMO
MEN
MEND
MENG
MENU
MENY
MERE
MERK
MERL
MERO
MESA
MESE
MESH
MESO
MESS
MET
META
METE
MEW
MEWL
MHO
MI
MIB
MICE
MID
MIDE
MIEN
MIG
MIKE
MIL
MILE
MIM
MIME
MIN
MINE
MIR
MIRE
MISE
MITE
MIX
MO
MOB
MODE
MOG
MOKE
MOLE
MOME
MON
MONE
MOO
MOP
MOPE
MOR
MORE
MOT
MOTE
MOU
MOVE
MOW
MOY
MU
MUD
MUG
MULE
MUM
MUN
MURE
MUSE
MUTE
MUX
MY
NA
NAA
NAB
NACE
NAE
NAEL
NAG
NAK
NAKE
NAM
NAME
NAN
NANE
NAP
NAPE
NAR
NAT
NAVE
NAW
NAY
NAZE
NE
NEA
NEAL
NEAP
NEAT
NEB
NECK
NEE
NEED
NEEM
NEEP
NEER
NEET
NEF
NEI
NEIF
NEMA
NEO
NEON
NEP
NESE
NESH
NESS
NEST
NET
NETE
NETH
NETI
NEVE
NEVO
NEW
NEWS
NEWT
NEXT
NI
NIB
NICE
NID
NIDE
NIFE
NIG
NIL
NIM
NINE
NIP
NIT
NIX
NO
NOA
NOB
NOD
NODE
NOEL
NOG
NOME
NON
NONE
NOPE
NOR
NOSE
NOT
NOTE
NOW
NOY
NTH
NU
NUB
NUDE
NUKE
NUL
NUN
NUT
NYE
OAF
OAK
OAM
OAR
OAT
OBE
OBEX
OBEY
OBI
OBOE
OCH
OCK
OD
ODA
ODD
ODE
ODEL
OE
OER
OES
OF
OFF
OFT
OGEE
OGLE
OGRE
OH
OHM
OHO
OII
OIL
OIME
OKA
OKEE
OKET
OKI
OLD
OLEO
OLM
OLPE
OM
OMEN
OMER
ON
ONA
ONCE
ONE
ONER
ONS
OOZE
OPE
OPEN
OPT
OR
ORA
ORB
ORC
ORE
ORF
ORLE
ORT
ORY
OS
OSE
OSSE
OUF
OUR
OUT
OVA
OVEN
OVER
OVEY
OW
OWD
OWE
OWER
OWK
OWL
OWN
OWSE
OX
OXEA
OXEN
OXER
OXY
OYER
PA
PAC
PACE
PAD
PAGE
PAH
PAL
PALE
PAM
PAN
PANE
PAP
PAPE
PAR
PARE
PAT
PATE
PAU
PAVE
PAW
PAX
PAY
PEA
PEAG
PEAI
PEAK
PEAL
PEAN
PEAR
PEAT
PEBA
PECH
PECK
PED
PEDA
PEE
PEED
PEEK
PEEL
PEEN
PEEP
PEER
PEG
PEGA
PEHO
PELF
PELL
PELT
PELU
PEN
PEND
PENK
PENT
PEON
PEP
PEPO
PER
PERI
PERK
PERM
PERN
PERT
PES
PESA
PESO
PESS
PEST
PET
PETE
PETO
PEW
PEWY
PHEW
PHI
PHO
PHU
PI
PIA
PIC
PICE
PIE
PIED
PIEN
PIER
PIET
PIG
PIK
PIKE
PILE
PIN
PINE
PIP
PIPE
PIR
PISE
PIT
PIX
PIZE
PLEA
PLEB
PLED
PLEW
PLEX
PLY
PO
POB
POD
POE
POEM
POET
POH
POI
POKE
POL
POLE
POM
POME
PON
PONE
POP
POPE
PORE
POSE
POT
POTE
POW
POX
POY
PREP
PREY
PRO
PRY
PSI
PST
PU
PUA
PUB
PUCE
PUD
PUG
PUKE
PUL
PULE
PUN
PUP
PUR
PURE
PUS
PUT
PYA
PYKE
PYR
PYRE
PYX
QERE
QERI
QUA
QUEI
QUET
QUEY
QUO
RAB
RACE
RAD
RAG
RAGE
RAH
RAJ
RAKE
RAM
RAME
RAN
RANE
RAP
RAPE
RARE
RAS
RASE
RAT
RATE
RAVE
RAW
RAX
RAY
RAZE
RE
REA
READ
REAK
REAL
REAM
REAP
REAR
REB
RECK
RECT
RED
REDD
REDE
REDO
REE
REED
REEF
REEK
REEL
REEM
REEN
REET
REF
REFT
REG
REH
REIF
REIM
REIN
REIS
REIT
REL
RELY
REND
RENK
RENT
REP
REPP
REPS
RESH
RESP
REST
RET
REV
REVE
REX
RHE
RHEA
RHO
RIB
RIBE
RICE
RID
RIDE
RIE
RIEM
RIER
RIFE
RIG
RILE
RIM
RIME
RINE
RIO
RIP
RIPE
RISE
RIT
RITE
RIVE
RIX
ROB
ROBE
ROC
ROD
RODE
ROE
ROED
ROER
ROEY
ROG
ROI
ROKE
ROLE
RONE
ROPE
ROSE
ROT
ROTE
ROUE
ROVE
ROW
ROX
RUB
RUD
RUDE
RUE
RUEN
RUER
RUG
RULE
RUM
RUN
RUNE
RUSE
RUT
RUX
RYE
RYEN
RYME
RYPE
SA
SAA
SAB
SABE
SAC
SAD
SADE
SAFE
SAG
SAGE
SAH
SAI
SAJ
SAKE
SAL
SALE
SAM
SAME
SAN
SANE
SAO
SAP
SAR
SARE
SAT
SATE
SAVE
SAW
SAX
SAY
SCYE
SE
SEA
SEAH
SEAK
SEAL
SEAM
SEAR
SEAT
SEAX
SEC
SECH
SECK
SECT
SEE
SEED
SEEK
SEEL
SEEM
SEEN
SEEP
SEER
SEG
SEGO
SEIT
SELE
SELF
SELL
SELT
SEME
SEMI
SEN
SEND
SENT
SEPS
SEPT
SER
SERA
SERE
SERF
SERO
SERT
SESS
SET
SETA
SETH
SETT
SEW
SEWN
SEX
SEXT
SEXY
SEY
SH
SHA
SHE
SHEA
SHED
SHEE
SHER
SHI
SHO
SHOE
SHY
SI
SIB
SIC
SICE
SIDE
SIE
SIER
SIFE
SIG
SIKE
SIL
SILE
SIME
SIN
SINE
SIP
SIPE
SIR
SIRE
SIS
SISE
SIT
SITE
SIX
SIZE
SKEE
SKEG
SKEL
SKEN
SKEO
SKEP
SKER
SKEW
SKEY
SKI
SKY
SLA
SLAE
SLED
SLEE
SLEW
SLEY
SLOE
SLUE
SLY
SMA
SMEE
SMEW
SNEB
SNED
SNEE
SNEW
SNY
SO
SOB
SOC
SOCE
SOD
SOE
SOG
SOH
SOK
SOKE
SOL
SOLE
SOME
SON
SOP
SOPE
SORE
SOT
SOU
SOV
SOW
SOY
SPA
SPAE
SPEC
SPED
SPET
SPEW
SPEX
SPY
SRI
SSU
ST
STEG
STEM
STEN
STEP
STET
STEW
STEY
STRE
STUE
STY
SUB
SUD
SUE
SUER
SUET
SUM
SUN
SUNE
SUP
SUPE
SUR
SURE
SUWE
SUZ
SWA
SWEP
SYCE
SYE
SYNE
SYRE
TA
TAA
TAB
TAD
TADE
TAE
TAEL
TAEN
TAG
TAI
TAJ
TAKE
TAL
TALE
TAM
TAME
TAN
TANE
TAO
TAP
TAPE
TAR
TARE
TAT
TATE
TAU
TAV
TAVE
TAW
TAX
TAY
TCH
TCHE
TCK
TE
TEA
TEAD
TEAK
TEAL
TEAM
TEAN
TEAP
TEAR
TEAT
TEC
TECA
TECH
TECK
TED
TEE
TEEL
TEEM
TEEN
TEER
TEET
TEFF
TEG
TEIL
TEJU
TELE
TELI
TELL
TELT
TEMP
TEN
TEND
TENG
TENT
TERA
TERM
TERN
TERP
TEST
TETE
TETH
TEUK
TEW
TEXT
TEZ
TH
THA
THE
THEB
THEE
THEM
THEN
THEW
THEY
THO
THY
TI
TIB
TIC
TICE
TID
TIDE
TIE
TIED
TIEN
TIER
TIG
TIGE
TIL
TILE
TIME
TIN
TINE
TIP
TIPE
TIRE
TIT
TITE
TJI
TO
TOA
TOBE
TOD
TODE
TOE
TOED
TOG
TOI
TOKE
TOL
TOLE
TOME
TON
TONE
TOO
TOP
TOPE
TOR
TORE
TOT
TOTE
TOU
TOW
TOX
TOY
TOZE
TRA
TREE
TREF
TREK
TRET
TREY
TRI
TRUE
TRY
TST
TU
TUA
TUB
TUBE
TUE
TUG
TUI
TUKE
TULE
TUM
TUME
TUN
TUNE
TUP
TUR
TUT
TUTE
TUX
TWA
TWAE
TWEE
TWO
TYE
TYEE
TYG
TYKE
TYPE
TYRE
TYT
UBI
UDO
UG
UGH
UJI
UKE
ULA
ULE
ULEX
ULL
ULU
UM
UME
UMP
UMU
UN
UNBE
UNDE
UNIE
UNZE
UP
UPO
UR
URA
URD
URDE
URE
UREA
URF
URGE
URN
US
USE
USED
USEE
USER
USH
UST
UT
UTA
UTU
UVA
UVEA
VADE
VAG
VAGE
VALE
VAN
VANE
VARE
VAS
VASE
VAT
VAU
VEAL
VEE
VEEN
VEEP
VEER
VEI
VEIL
VEIN
VELA
VELL
VELO
VEND
VENT
VERA
VERB
VERD
VERI
VERT
VERY
VEST
VET
VETA
VETO
VEX
VEXT
VIA
VICE
VIE
VIER
VIEW
VILE
VIM
VINE
VIRE
VIS
VISE
VIVE
VLEI
VOE
VOET
VOG
VOL
VOLE
VOTE
VOW
VUG
VUM
WA
WAB
WABE
WACE
WAD
WADE
WAE
WAEG
WAER
WAG
WAGE
WAH
WAKE
WALE
WAME
WAN
WANE
WAP
WAR
WARE
WAS
WASE
WAT
WAVE
WAW
WAX
WAY
WE
WEAK
WEAL
WEAM
WEAN
WEAR
WEB
WED
WEDE
WEE
WEED
WEEK
WEEL
WEEN
WEEP
WEET
WEFT
WEIR
WEKA
WEKI
WELD
WELK
WELL
WELS
WELT
WEM
WEN
WEND
WENE
WENT
WEPT
WER
WERE
WERF
WERI
WERT
WESE
WEST
WET
WETA
WEVE
WEY
WHA
WHEE
WHEN
WHET
WHEW
WHEY
WHO
WHY
WI
WICE
WID
WIDE
WIFE
WIG
WILE
WIM
WIME
WIN
WINE
WIPE
WIR
WIRE
WIS
WISE
WIT
WITE
WIVE
WIZ
WO
WOB
WOD
WODE
WOE
WOG
WOKE
WON
WONE
WOO
WOP
WORE
WOT
WOTE
WOVE
WOW
WOY
WREN
WRO
WRY
WUD
WUN
WUP
WUR
WUT
WY
WYDE
WYE
WYKE
WYLE
WYN
WYNE
WYPE
WYVE
XI
YA
YAD
YADE
YAH
YAJE
YAK
YALE
YAM
YAN
YAP
YAR
YARE
YAS
YAT
YATE
YAW
YCIE
YE
YEA
YEAH
YEAN
YEAR
YEAT
YED
YEDE
YEE
YEEL
YEES
YEGG
YELD
YELK
YELL
YELM
YELP
YELT
YEN
YENI
YEO
YEP
YER
YERB
YERD
YERE
YERK
YERN
YES
YESE
YESO
YEST
YET
YETA
YETH
YEUK
YEW
YEX
YEZ
YIN
YIP
YIS
YITE
YM
YN
YO
YOE
YOI
YOK
YOKE
YOM
YON
YOR
YORE
YOT
YOTE
YOU
YOW
YOX
YOY
YR
YUH
YULE
YUS
ZA
ZAC
ZAD
ZAG
ZAK
ZAR
ZAT
ZAX
ZEAL
ZEBU
ZED
ZEE
ZEED
ZEIN
ZEL
ZEMI
ZENU
ZER
ZERO
ZEST
ZETA
ZIG
ZIP
