T 2 7 1 45
N
T 1 66 1 67
N
T 2 35 2 81
N
T 1 29 2 24
N
T 1 7 1 29
N
C 1 41 1 42
T 2 26 2 11
N
C 2 75 2 76
T 2 8 2 97
N
C 2 82 1 82
T 1 93 2 42
N
O 1 87 1 86
C 1 51 2 51
O 1 90 1 89
C 1 63 1 62
T 1 60 2 55
N
C 1 25 1 24
T 1 31 1 7
N
C 2 5 2 6
C 1 97 1 98
T 2 48 1 85
N
T 2 15 1 23
N
O 1 5 1 4
O 1 83 2 83
O 1 38 1 39
T 2 56 2 91
N
T 1 7 1 93
N
T 2 7 2 16
N
T 1 21 1 59
N
T 1 33 1 48
N
T 1 41 2 43
N
O 1 81 1 80
C 1 90 2 90
T 1 91 1 78
N
C 2 90 2 91
T 2 74 2 28
N
T 2 25 1 13
N
T 1 67 1 55
N
T 1 32 2 23
N
T 2 58 1 63
N
T 2 48 1 63
N
T 1 39 2 91
N
T 2 56 1 63
N
T 2 35 1 65
N
T 1 33 2 32
Y
T 1 29 2 58
N
T 2 56 2 5
N
T 2 11 1 74
N
C 1 90 1 89
T 1 35 1 96
N
O 1 54 1 55
C 1 77 2 77
T 1 16 1 31
N
O 1 97 1 98
T 1 96 1 4
N
T 1 14 2 71
N
C 2 26 2 25
T 2 51 1 45
N
C 1 79 1 80
T 2 59 2 61
N
T 2 3 2 75
N
C 2 72 2 73
C 1 73 1 74
C 1 50 1 49
T 2 23 2 93
N
T 1 44 2 77
N
T 2 34 2 10
N
C 2 46 2 47
C 2 15 1 15
C 1 33 1 32
T 1 41 1 93
N
C 2 34 1 34
T 2 30 2 75
N
O 2 89 2 88
T 1 86 2 44
N
T 2 98 1 3
N
T 2 47 2 12
N
O 1 38 2 38
O 1 41 1 42
T 1 21 2 17
Y
O 2 34 2 35
T 1 52 1 50
N
T 2 71 2 63
N
T 2 55 1 98
N
T 1 32 1 90
N
C 1 72 2 72
T 2 47 2 92
N
O 1 26 2 26
T 1 1 2 3
N
T 1 34 1 67
N
O 2 26 2 25
C 1 98 1 97
T 2 9 2 30
N
T 2 63 1 49
N
T 2 1 1 49
N
O 1 1 1 2
T 1 1 1 85
N
O 2 74 1 74
T 2 90 2 87
N
T 1 21 1 94
N
C 1 46 2 46
O 2 10 2 11
O 1 65 2 65
C 1 21 1 20
C 2 23 1 23
T 1 87 1 94
N
T 1 9 1 6
N
T 2 4 1 5
Y
T 1 25 1 92
N
O 2 82 1 82
O 1 24 1 23
O 1 20 1 21
T 2 55 1 18
N
O 1 25 2 25
O 1 97 1 98
O 1 78 1 77
T 2 24 1 10
N
O 2 32 2 31
T 2 58 1 18
N
T 1 60 2 63
Y
O 2 64 2 63
O 2 96 2 97
T 1 45 1 79
N
C 2 43 2 44
C 2 13 1 13
O 2 91 2 90
T 1 64 2 86
N
O 1 54 1 53
O 2 27 1 27
T 1 40 2 14
N
O 2 1 2 2
T 1 60 1 74
N
T 2 1 2 89
N
C 2 74 2 75
T 2 74 1 22
N
T 1 5 1 3
N
O 2 46 2 47
C 1 14 2 14
O 2 33 2 34
T 2 29 2 46
N
O 1 73 1 74
T 1 45 1 75
N
C 2 83 2 82
T 2 54 2 94
N
T 2 48 1 87
N
O 1 15 2 15
T 1 75 2 96
N
T 2 93 2 15
N
O 1 47 1 48
O 2 72 2 71
T 2 84 2 75
N
T 2 15 1 47
N
C 1 2 1 1
T 2 100 1 87
N
C 2 74 1 74
O 2 30 1 30
C 2 12 2 11
C 1 13 1 12
C 1 71 2 71
O 1 12 1 13
O 2 9 1 9
C 1 82 1 83
T 2 64 2 7
N
T 2 39 1 83
N
T 1 53 1 61
N
T 1 49 1 46
N
O 2 82 2 81
O 1 33 1 32
T 1 88 2 38
N
T 2 54 1 19
N
T 1 61 1 41
N
C 2 35 1 35
O 2 51 1 51
T 2 81 1 18
N
O 2 24 2 23
T 1 63 2 16
N
C 1 89 2 89
C 1 95 1 96
T 2 72 2 54
N
O 2 75 2 74
T 1 82 2 68
N
O 1 74 2 74
C 1 93 1 92
T 1 13 2 14
N
T 1 83 1 78
N
C 1 76 1 77
T 1 12 1 16
N
O 2 90 1 90
O 2 72 1 72
O 1 40 2 40
C 2 71 2 72
C 2 32 2 33
C 2 72 1 72
T 2 69 2 42
N
C 1 65 1 66
O 2 39 2 40
T 2 71 2 7
N
T 2 82 1 82
Y
O 2 43 2 44
T 1 12 1 70
N
T 2 72 2 10
N
T 1 19 2 3
N
T 2 86 1 88
N
T 2 53 2 14
N
T 2 76 1 88
N
T 2 20 1 51
N
T 2 54 2 5
N
T 1 37 1 80
N
T 1 3 2 78
N
T 1 31 1 77
N
O 2 33 2 32
C 1 8 1 9
T 2 71 2 62
N
T 2 31 2 24
N
C 2 22 2 23
C 2 39 2 40
C 2 26 2 25
T 1 77 2 73
N
T 1 97 2 23
N
T 1 98 1 11
N
T 2 73 1 47
N
T 1 40 1 11
N
C 2 68 1 68
T 1 65 1 82
N
C 1 81 2 81
C 1 33 1 32
O 2 72 2 73
O 2 77 1 77
T 2 11 2 66
N
C 1 26 2 26
T 2 56 2 60
N
O 1 17 1 18
T 1 70 1 21
N
T 1 44 2 29
N
T 1 3 2 86
N
C 1 61 1 60
T 1 29 2 37
N
T 2 61 2 47
N
T 1 23 1 71
N
C 1 44 1 45
C 1 27 2 27
C 1 73 2 73
T 1 46 2 98
N
T 2 20 1 34
N
T 2 23 1 35
N
T 1 75 2 76
N
C 2 63 2 62
O 2 52 1 52
T 2 67 2 36
N
T 1 7 1 65
N
C 2 7 2 8
T 1 97 1 98
Y
T 2 34 2 92
N
T 2 3 1 17
N
O 1 60 1 61
C 2 48 2 47
O 2 8 2 7
C 2 83 1 83
T 1 77 2 99
N
T 1 41 1 72
N
T 1 47 2 9
N
C 2 73 2 72
C 1 81 1 80
O 1 66 1 65
O 1 78 1 79
T 1 58 2 35
N
T 2 53 1 20
N
O 1 96 1 95
T 1 9 2 14
N
C 1 63 2 63
T 2 15 2 97
N
T 1 4 1 51
N
C 1 24 1 23
O 2 12 2 13
C 2 21 2 22
O 2 87 2 86
C 2 61 2 62
C 1 92 1 91
O 2 97 1 97
T 2 83 1 39
N
C 2 74 2 75
T 1 53 2 5
N
C 1 15 1 16
T 2 57 2 37
N
T 2 85 1 73
N
C 1 48 2 48
C 2 51 1 51
C 1 77 2 77
T 1 42 1 24
N
T 1 65 2 12
N
C 1 59 1 60
O 1 31 1 30
T 1 38 2 93
N
T 1 86 2 88
N
C 2 33 2 34
T 2 58 2 92
N
T 1 70 2 14
N
T 2 21 1 91
N
T 1 48 2 5
N
T 2 89 1 89
N
C 1 27 1 26
T 1 15 1 60
N
C 1 67 1 68
T 1 75 2 73
N
C 1 86 1 85
O 1 49 1 48
O 2 6 2 5
T 1 37 1 67
N
T 2 20 2 79
N
T 2 3 1 39
N
C 2 47 2 46
C 1 97 1 98
C 1 25 2 25
T 2 89 2 3
N
T 2 5 2 65
N
T 1 13 2 78
N
C 1 54 1 55
T 1 73 2 99
N
O 1 80 1 79
O 1 97 1 98
C 2 10 2 11
T 1 76 2 5
N
T 2 18 1 40
N
C 1 20 1 21
O 1 99 2 99
C 2 25 2 24
T 2 27 1 95
N
T 2 96 2 14
N
T 2 64 2 53
N
T 2 53 1 51
N
T 2 12 1 47
N
T 2 88 2 52
N
O 1 64 1 63
T 1 1 2 5
N
T 2 64 2 94
N
T 1 65 2 79
N
O 2 72 2 73
O 2 46 2 45
O 1 56 1 55
O 2 34 2 33
T 2 25 2 5
N
T 1 57 1 67
N
C 2 49 1 49
T 1 13 1 100
N
C 1 34 1 35
C 1 52 2 52
T 1 38 1 8
N
C 1 39 1 38
O 1 52 2 52
C 2 98 2 97
T 1 19 2 19
N
T 1 23 1 48
N
T 2 36 1 5
N
O 1 58 2 58
C 1 69 1 68
T 1 59 2 76
N
O 2 62 2 61
C 1 86 1 87
C 2 69 2 70
T 1 4 1 66
N
T 1 21 1 42
N
T 2 11 1 43
N
T 2 40 1 51
N
C 1 19 1 20
T 1 9 1 15
N
O 2 63 1 63
T 1 94 2 36
N
T 2 66 1 37
N
T 1 70 2 67
N
T 2 49 2 82
N
O 1 94 1 95
T 2 25 1 95
N
T 1 28 1 51
N
T 1 82 1 95
N
O 1 63 1 62
C 1 5 1 4
T 1 80 2 4
N
O 2 63 2 62
O 1 34 2 34
O 2 53 1 53
T 2 40 1 47
N
O 2 29 2 30
T 2 12 1 30
N
O 2 52 2 53
C 2 91 2 90
T 1 6 1 55
N
T 1 99 2 49
N
O 1 85 1 86
T 1 77 1 28
N
T 1 54 2 42
N
T 1 69 1 74
N
O 1 82 1 83
T 1 98 2 65
N
T 2 43 1 56
N
T 2 69 1 56
N
T 1 38 2 43
N
T 1 22 1 29
N
T 1 54 2 15
N
T 2 83 1 8
N
C 2 33 1 33
T 1 7 1 66
N
T 2 72 2 12
N
C 2 30 1 30
T 2 82 2 13
N
T 1 81 1 55
N
C 1 11 1 12
T 1 51 1 73
N
T 1 4 1 1
N
C 1 96 1 95
T 2 77 1 94
N
C 2 98 2 99
T 2 70 1 52
N
T 2 12 1 29
N
T 1 31 1 86
N
C 2 43 2 44
O 2 37 2 36
T 1 22 2 42
N
T 1 99 2 80
N
T 2 51 1 28
N
T 1 22 2 48
N
T 1 65 2 87
N
C 2 88 2 89
T 2 44 2 38
N
T 1 92 2 24
N
O 1 8 2 8
O 2 48 2 47
O 1 54 1 55
T 2 43 2 74
N
T 2 15 2 21
N
T 1 7 2 37
N
O 1 39 1 38
C 2 63 2 62
T 1 50 1 54
N
T 2 69 1 70
N
C 2 37 2 36
T 1 29 2 17
N
T 1 31 1 98
N
T 1 36 1 21
N
C 2 78 1 78
O 2 26 1 26
T 2 21 1 33
N
O 2 78 1 78
O 1 73 2 73
T 2 43 2 77
N
C 1 79 1 78
O 1 68 1 69
T 2 2 2 58
N
T 2 48 2 21
N
C 2 53 2 52
O 2 22 2 21
O 2 97 2 98
T 2 81 1 25
N
O 2 75 2 74
C 1 32 2 32
C 1 17 1 18
O 1 32 1 33
O 2 75 2 76
T 2 17 2 13
N
O 1 49 1 50
C 2 32 2 31
T 1 33 2 2
N
T 1 1 1 22
N
C 1 73 1 72
C 2 65 1 65
C 1 32 1 31
O 1 89 2 89
C 2 38 1 38
T 1 79 1 3
N
O 2 38 1 38
O 2 90 2 89
C 1 77 1 78
T 2 20 1 80
N
T 2 20 2 10
N
T 1 6 2 37
N
O 1 87 1 86
T 1 42 1 66
N
T 1 93 1 80
N
T 2 84 1 31
N
C 1 69 1 70
C 2 46 2 45
T 2 87 1 21
N
T 1 37 1 54
N
T 2 39 1 68
N
O 1 75 1 76
T 2 48 1 58
N
T 2 100 1 31
N
C 1 90 2 90
T 2 15 2 56
N
T 2 40 2 50
N
C 1 76 1 75
C 1 31 1 30
T 2 2 2 96
N
C 1 54 1 53
O 1 14 2 14
T 1 59 2 30
N
O 2 79 2 80
T 2 4 2 70
N
T 2 69 2 34
N
O 1 20 1 21
O 2 23 1 23
T 2 4 2 27
N
T 2 98 2 33
N
T 2 47 2 94
N
O 1 27 1 28
T 1 68 1 78
N
T 1 52 2 87
N
C 2 91 1 91
T 1 30 1 29
N
O 1 93 1 92
T 2 22 1 12
N
O 2 71 2 72
T 1 70 1 61
N
T 2 88 1 63
N
T 1 3 1 73
N
T 2 18 2 92
N
T 1 6 1 17
N
C 1 18 1 19
O 1 8 1 9
O 2 91 1 91
O 1 15 1 16
T 2 61 1 59
N
T 1 2 1 58
N
C 2 47 2 48
T 1 99 1 68
N
O 1 78 1 77
O 1 35 1 34
T 2 52 2 48
N
C 1 62 1 63
C 2 34 2 33
T 2 99 1 72
N
C 1 16 1 15
O 1 66 2 66
O 1 12 1 11
T 2 66 1 32
N
C 2 24 2 23
T 1 44 2 29
N
T 2 46 2 64
N
T 2 85 2 88
N
T 2 54 2 20
N
C 2 30 2 29
T 2 91 2 3
N
O 1 2 1 1
O 2 47 2 48
T 2 29 1 1
N
T 2 12 2 60
N
C 1 95 1 94
C 1 74 1 73
C 1 79 1 80
C 1 23 2 23
T 1 12 1 5
N
T 1 62 1 4
N
O 2 41 1 41
O 1 45 1 44
T 2 59 1 6
N
T 2 90 1 60
N
T 2 41 2 58
N
T 2 67 1 70
N
O 2 55 1 55
T 2 54 2 66
N
T 1 63 2 99
N
C 1 35 1 34
O 2 46 2 47
T 1 37 1 56
N
T 1 12 2 47
N
T 1 45 1 37
N
C 1 27 1 28
T 2 68 2 59
N
C 1 8 1 9
T 2 13 2 56
N
T 2 71 1 65
N
T 1 47 2 5
N
T 1 98 1 9
N
T 1 26 1 19
N
T 1 38 2 24
N
C 1 18 2 18
T 2 69 1 91
N
C 2 78 1 78
T 2 80 2 84
N
O 2 11 2 12
C 1 56 1 57
O 1 77 1 76
T 1 12 1 100
N
O 1 5 1 4
O 1 54 1 53
T 2 32 2 25
N
C 2 99 1 99
O 1 75 1 76
C 1 68 1 69
T 2 96 2 83
N
T 1 45 2 57
N
O 2 69 2 70
T 2 22 1 75
N
T 2 27 2 49
N
T 1 52 1 35
N
C 2 26 1 26
O 2 65 1 65
T 2 30 2 23
N
O 2 23 1 23
T 2 45 1 1
N
T 2 6 1 58
N
C 1 92 1 93
T 2 48 2 89
N
O 1 32 1 31
T 1 58 2 100
N
C 1 32 1 31
T 1 12 2 8
N
T 2 56 1 44
N
T 2 43 1 81
N
C 2 90 2 89
T 2 47 1 1
N
O 2 35 1 35
T 2 58 2 55
N
O 2 99 2 98
C 2 37 2 38
O 1 18 1 17
T 2 81 2 35
N
T 2 93 1 50
N
C 2 74 1 74
C 2 4 1 4
T 1 75 1 28
N
T 1 35 1 60
N
O 2 38 2 37
T 2 55 1 7
N
C 1 4 1 5
C 2 35 1 35
C 2 98 2 99
T 2 26 2 25
N
T 2 70 2 32
N
T 2 70 2 49
N
O 2 45 2 46
T 1 52 2 76
N
T 2 95 2 47
N
T 1 43 2 33
N
C 1 64 2 64
T 2 85 1 56
N
O 1 74 2 74
C 2 14 1 14
T 2 17 1 36
N
C 2 71 2 70
O 2 100 1 100
C 2 82 1 82
T 2 61 1 93
N
O 2 33 2 34
T 2 54 1 88
N
C 1 97 2 97
O 2 21 2 20
C 2 47 2 46
O 1 95 1 96
O 1 31 1 30
C 1 45 1 44
C 1 38 2 38
C 2 35 2 34
O 2 47 2 46
O 1 91 1 92
T 2 5 1 44
N
T 1 95 1 15
N
C 1 44 2 44
O 1 60 1 59
C 1 76 1 77
C 1 48 1 47
T 1 48 1 99
N
C 2 88 1 88
T 1 46 1 81
N
O 2 32 2 31
O 1 57 1 56
T 2 66 1 47
N
C 1 49 1 48
O 2 70 2 71
O 1 62 1 63
T 1 64 2 28
N
C 1 58 2 58
T 2 68 1 81
N
O 1 74 1 75
T 2 59 1 41
N
T 1 91 2 60
N
T 2 51 1 96
N
O 1 10 2 10
T 2 26 1 85
N
T 1 34 2 78
N
T 2 100 2 8
N
C 2 32 2 31
C 1 100 2 100
C 1 56 1 57
C 2 2 2 1
T 1 61 2 68
N
O 1 77 2 77
T 2 66 1 6
N
O 1 76 1 77
T 1 29 2 31
N
T 1 13 2 41
N
O 2 39 2 40
T 2 87 1 20
N
T 1 6 2 34
N
C 1 41 2 41
O 2 72 1 72
T 1 16 1 74
N
C 1 82 1 83
T 2 31 2 60
N
T 1 56 2 13
N
T 2 13 2 74
N
T 1 98 1 70
N
O 1 73 1 72
C 2 6 2 5
C 1 32 1 33
O 2 39 2 38
T 2 86 1 9
N
C 2 72 1 72
C 2 98 2 97
C 1 91 2 91
T 1 92 1 31
N
C 1 74 2 74
T 2 75 1 11
N
C 1 15 2 15
C 1 86 1 87
O 1 13 2 13
C 2 56 2 57
O 2 70 1 70
T 2 51 2 43
N
O 1 33 1 32
C 1 9 2 9
T 1 77 2 64
N
O 1 81 2 81
T 2 9 1 95
N
T 2 25 2 91
N
O 1 10 1 11
T 1 68 1 19
N
C 2 16 2 17
C 1 18 1 17
T 2 38 2 30
N
O 1 15 2 15
C 1 78 1 77
C 1 65 2 65
C 2 8 2 7
C 1 74 1 75
T 1 72 2 6
N
O 2 43 2 44
O 1 46 2 46
T 2 50 2 30
N
T 1 28 2 54
N
T 2 83 2 23
N
O 1 9 1 8
T 1 66 2 48
N
C 2 18 2 19
T 2 98 2 9
N
C 2 47 2 46
T 1 11 1 75
N
T 2 31 2 24
N
T 1 45 2 22
N
T 1 13 2 39
N
T 1 9 1 17
N
T 1 1 1 45
N
O 1 71 1 70
O 1 11 2 11
T 2 81 2 4
N
O 1 5 1 4
T 1 80 2 29
N
T 1 76 1 53
N
O 1 65 2 65
O 2 37 2 36
C 2 73 1 73
T 1 22 2 89
N
T 2 72 1 65
N
T 1 78 2 16
N
T 2 50 1 57
N
C 1 60 1 61
T 1 52 1 22
N
T 1 82 1 85
N
T 1 65 1 68
N
T 2 18 1 57
N
T 2 60 1 15
N
C 1 76 1 77
T 1 100 1 2
N
C 1 10 2 10
C 2 53 1 53
C 1 72 1 73
T 2 28 1 79
N
C 2 76 2 75
O 1 79 1 78
C 1 70 1 71
T 1 72 2 99
N
O 2 74 1 74
T 1 47 1 6
N
C 1 79 1 78
T 2 10 2 79
N
C 1 53 1 54
C 1 98 1 97
T 1 65 2 22
N
T 1 33 2 35
N
T 1 44 2 84
N
O 1 69 1 70
T 2 27 1 87
N
T 2 1 1 54
N
C 1 50 1 49
O 1 16 1 15
T 1 97 2 14
N
T 1 84 2 45
N
T 1 41 2 15
N
T 1 7 1 23
N
T 1 90 1 57
N
T 2 11 1 39
N
C 1 64 1 63
T 2 37 2 1
N
T 1 93 2 39
N
O 2 90 1 90
O 1 44 1 45
C 1 76 1 75
O 1 79 1 80
O 1 82 1 83
T 1 56 1 38
N
T 1 19 1 55
N
O 1 86 1 87
C 2 89 1 89
O 2 19 2 18
T 2 48 2 68
N
C 1 82 1 83
O 1 76 1 75
O 2 83 1 83
O 1 94 1 95
T 1 3 2 62
N
T 1 6 1 25
N
O 2 82 2 83
T 2 30 2 23
N
C 1 66 1 65
C 1 60 1 59
T 2 16 2 37
N
T 2 83 2 78
N
O 2 54 2 53
T 2 53 2 56
N
C 1 40 2 40
T 1 66 2 58
N
T 2 56 1 88
N
O 2 48 1 48
T 1 98 2 57
N
T 2 91 2 35
N
O 1 35 2 35
O 2 98 2 99
T 1 79 1 2
N
T 1 45 1 27
N
O 2 97 1 97
C 1 1 1 2
T 1 77 2 17
N
O 2 8 2 7
T 2 97 1 16
N
T 1 94 2 100
N
T 2 71 2 28
N
T 2 19 1 44
N
O 2 10 1 10
C 1 75 1 76
C 2 97 1 97
O 2 51 1 51
O 2 100 1 100
C 1 35 2 35
T 2 26 2 20
N
C 2 66 2 65
C 2 75 1 75
T 1 29 2 85
N
O 1 91 2 91
T 1 83 2 29
N
T 1 67 2 31
N
O 1 61 1 60
T 2 6 2 97
N
T 2 16 1 81
N
T 2 100 1 82
N
O 2 89 2 88
T 2 7 1 6
N
T 2 16 2 41
N
T 1 28 2 6
N
T 1 38 1 37
N
O 1 92 1 93
T 2 92 2 47
N
T 1 39 1 53
N
O 1 7 1 8
C 2 64 2 63
T 1 19 2 54
N
T 1 78 2 94
N
O 2 78 1 78
O 1 26 2 26
C 2 95 2 96
C 2 39 2 40
C 1 6 2 6
O 2 90 2 89
O 2 75 2 76
O 1 41 2 41
T 2 49 1 100
N
T 2 79 2 18
N
O 1 88 2 88
C 1 85 1 86
C 2 90 2 89
T 2 99 2 72
N
C 1 41 1 42
T 2 53 1 63
N
O 2 44 1 44
O 2 6 2 5
T 2 15 2 59
N
T 2 82 1 69
N
O 1 17 1 18
C 1 44 1 45
C 1 52 1 51
C 1 39 1 38
O 1 40 2 40
O 1 71 1 70
O 2 17 2 16
O 2 32 1 32
O 1 53 1 54
T 1 21 2 9
N
C 1 30 1 31
T 1 74 1 43
N
C 1 70 1 71
C 1 53 1 52
O 1 82 2 82
O 2 30 2 29
O 1 82 1 83
O 2 72 1 72
O 2 71 1 71
O 1 47 1 48
O 1 99 2 99
C 2 8 1 8
T 2 17 2 89
N
T 1 39 2 51
N
C 2 40 1 40
T 1 75 1 20
N
O 1 69 1 68
C 1 93 1 92
T 2 52 2 48
N
T 2 69 1 50
N
C 2 81 1 81
C 1 62 1 61
T 1 79 2 45
N
C 2 48 1 48
C 2 71 2 70
O 1 19 1 18
T 1 5 2 66
N
T 2 9 2 7
N
T 2 53 2 22
N
C 2 29 2 30
C 1 92 1 91
C 1 16 1 15
T 1 71 1 2
N
T 2 6 1 98
N
T 2 2 1 65
N
C 1 51 2 51
T 2 93 1 49
N
T 1 91 2 93
N
T 1 32 2 18
N
T 2 16 1 2
N
O 1 25 1 24
T 2 67 1 38
N
C 2 66 1 66
C 2 82 2 81
O 1 68 2 68
T 2 74 2 68
N
C 1 99 2 99
T 1 38 2 9
N
C 1 32 1 33
O 1 32 1 31
T 2 12 1 12
N
T 1 6 1 95
N
O 1 66 2 66
T 2 33 2 53
N
O 2 62 1 62
C 2 83 2 82
C 1 19 1 18
T 1 47 2 60
N
C 2 26 1 26
C 1 13 1 12
T 1 3 2 88
N
T 1 57 2 80
N
C 1 77 2 77
T 1 85 2 9
N
T 1 76 2 32
N
C 2 45 2 46
O 1 20 1 19
T 1 70 2 75
N
O 1 58 2 58
O 1 35 1 34
C 1 20 1 21
C 2 70 1 70
T 2 53 1 3
N
T 1 1 1 93
N
C 1 58 2 58
C 2 71 1 71
C 1 68 2 68
T 2 100 2 65
N
C 2 20 2 21
T 1 79 2 83
N
T 1 71 1 49
N
T 1 11 2 60
N
T 1 95 2 75
N
C 1 63 2 63
T 1 20 1 61
N
T 2 66 2 46
N
T 2 86 2 59
N
T 2 53 1 8
N
T 2 62 1 52
N
O 1 50 1 49
C 1 54 1 55
O 1 19 1 18
T 1 59 2 27
N
O 2 23 2 24
C 2 82 1 82
E
