T 1 10 1 6
N
T 1 7 2 10
N
C 1 2 1 1
C 2 2 2 3
C 1 8 1 7
O 1 6 1 7
C 1 9 1 10
T 1 7 1 1
N
O 1 4 1 3
T 1 2 2 3
N
T 2 6 2 1
N
T 2 1 2 3
N
O 2 9 2 8
O 2 9 2 10
O 1 7 2 7
T 2 2 2 6
N
C 2 3 1 3
O 2 6 2 7
T 1 4 2 1
N
T 1 10 2 4
N
T 2 1 2 3
N
T 1 2 2 8
N
O 2 2 2 1
T 2 4 2 1
N
T 1 9 2 3
N
T 1 4 1 3
Y
T 2 3 1 5
N
C 2 7 1 7
C 1 9 2 9
T 2 2 1 9
N
T 1 9 2 5
N
O 2 3 1 3
C 1 4 1 3
T 2 1 1 10
N
T 2 9 2 10
Y
T 1 7 1 1
N
O 1 10 1 9
T 2 2 1 2
N
C 1 8 1 9
T 2 9 1 7
N
O 2 4 2 5
O 1 3 1 2
T 2 10 1 6
N
T 1 6 2 10
N
T 1 3 1 2
Y
C 2 3 1 3
T 1 6 2 7
N
T 2 10 1 9
N
T 1 9 1 6
N
T 1 7 1 10
N
C 1 3 1 2
T 1 6 1 3
N
O 2 7 1 7
T 1 9 2 6
N
T 1 5 1 9
N
T 2 4 1 5
N
T 1 5 2 7
N
T 1 6 1 9
N
T 2 1 2 2
Y
T 2 6 1 2
N
C 2 6 2 5
T 1 9 1 3
N
T 2 2 1 6
N
T 1 8 2 2
N
O 2 4 2 3
O 1 8 1 7
T 2 7 1 9
N
T 1 10 2 7
N
T 2 1 1 4
N
T 1 10 1 10
Y
T 2 2 1 8
N
T 1 6 1 6
Y
O 2 2 1 2
O 2 5 1 5
T 1 2 1 3
N
C 1 4 1 5
T 2 3 2 1
N
C 2 9 2 10
O 1 8 1 9
C 2 4 2 5
O 1 4 1 3
T 1 4 1 1
N
C 1 9 1 10
T 2 3 1 2
N
T 1 6 1 10
N
O 2 9 1 9
C 1 7 1 6
T 1 10 1 1
N
O 1 10 1 9
O 1 10 2 10
C 1 9 1 10
C 2 7 2 6
O 2 2 2 3
T 2 1 1 4
N
T 2 6 1 1
N
O 1 3 1 2
T 1 3 2 9
N
C 1 9 1 8
T 2 8 2 10
N
O 2 7 2 8
E
